#
# A fatal error has been detected by the Java Runtime Environment:
#
#  EXCEPTION_ACCESS_VIOLATION (0xc0000005) at pc=0x0000000064a42d47, pid=19500, tid=19924
#
# JRE version: Java(TM) SE Runtime Environment (8.0_65-b17) (build 1.8.0_65-b17)
# Java VM: Java HotSpot(TM) 64-Bit Server VM (25.65-b01 mixed mode windows-amd64 compressed oops)
# Problematic frame:
# C  [imgui-java64.dll+0x42d47]
#
# Failed to write core dump. Minidumps are not enabled by default on client versions of Windows
#
# If you would like to submit a bug report, please visit:
#   http://bugreport.java.com/bugreport/crash.jsp
# The crash happened outside the Java Virtual Machine in native code.
# See problematic frame for where to report the bug.
#

---------------  T H R E A D  ---------------

Current thread (0x0000000002a5e800):  JavaThread "main" [_thread_in_native, id=19924, stack(0x0000000002a60000,0x0000000002b60000)]

siginfo: ExceptionCode=0xc0000005, reading address 0x0000000000000004

Registers:
RAX=0x0000000000000000, RBX=0x000000003906fe80, RCX=0x0000000002a5e9f8, RDX=0x0000000002b5f090
RSP=0x0000000002b5efc0, RBP=0x0000000002b5f070, RSI=0x0000000000200031, RDI=0x0000000002c67800
R8 =0x0000000000000042, R9 =0x00000006c2f46ff0, R10=0x0000000000000008, R11=0x000000006b3d1258
R12=0x0000000002a5e9f8, R13=0x0000000002b5f090, R14=0x0000000002b5f090, R15=0x0000000002a5e800
RIP=0x0000000064a42d47, EFLAGS=0x0000000000010246

Top of Stack: (sp=0x0000000002b5efc0)
0x0000000002b5efc0:   0000000002c67800 0000000002c75cc6
0x0000000002b5efd0:   0000000002b5f400 0000000002a5e800
0x0000000002b5efe0:   000000003906fe80 0000000000000000
0x0000000002b5eff0:   000000003906fe80 0000000002c75e34
0x0000000002b5f000:   0000000002a5e800 000000003906fe80
0x0000000002b5f010:   0000000000200031 0000000002a5e800
0x0000000002b5f020:   0000000002b5f158 0000000002c75b62
0x0000000002b5f030:   0000000002b5f030 000000003906fe80
0x0000000002b5f040:   0000000002b5f090 0000000039080908
0x0000000002b5f050:   0000000000000000 000000003906fe80
0x0000000002b5f060:   0000000000000000 0000000002b5f090
0x0000000002b5f070:   0000000002b5f0d8 0000000002c67730
0x0000000002b5f080:   0000000000000000 0000000002c6f976
0x0000000002b5f090:   00000006c2f46ff0 0000000002b5f098
0x0000000002b5f0a0:   000000002ebea121 0000000002b5f158
0x0000000002b5f0b0:   000000002ebebd80 0000000000000000 

Instructions: (pc=0x0000000064a42d47)
0x0000000064a42d27:   28 49 89 cc 49 89 d5 e8 2d 3b 0a 00 4d 8b 0c 24
0x0000000064a42d37:   4c 89 ea 4c 89 e1 49 89 c0 41 ff 91 28 03 00 00
0x0000000064a42d47:   8b 40 04 48 83 c4 28 41 5c 41 5d c3 66 66 2e 0f
0x0000000064a42d57:   1f 84 00 00 00 00 00 66 90 41 55 41 54 48 83 ec 


Register to memory mapping:

RAX=0x0000000000000000 is an unknown value
RBX={method} {0x000000003906fe88} 'getCmdListsCount' '()I' in 'imgui/ImDrawData'
RCX=0x0000000002a5e9f8 is an unknown value
RDX=0x0000000002b5f090 is pointing into the stack for thread: 0x0000000002a5e800
RSP=0x0000000002b5efc0 is pointing into the stack for thread: 0x0000000002a5e800
RBP=0x0000000002b5f070 is pointing into the stack for thread: 0x0000000002a5e800
RSI=0x0000000000200031 is an unknown value
RDI=0x0000000002c67800 is at code_begin+832 in an Interpreter codelet
invoke return entry points  [0x0000000002c674c0, 0x0000000002c67dc0]  2304 bytes
R8 =0x0000000000000042 is an unknown value
R9 =0x00000006c2f46ff0 is an oop
imgui.ImDrawData 
 - klass: 'imgui/ImDrawData'
R10=0x0000000000000008 is an unknown value
R11=0x000000006b3d1258 is an unknown value
R12=0x0000000002a5e9f8 is an unknown value
R13=0x0000000002b5f090 is pointing into the stack for thread: 0x0000000002a5e800
R14=0x0000000002b5f090 is pointing into the stack for thread: 0x0000000002a5e800
R15=0x0000000002a5e800 is a thread


Stack: [0x0000000002a60000,0x0000000002b60000],  sp=0x0000000002b5efc0,  free space=1019k
Native frames: (J=compiled Java code, j=interpreted, Vv=VM code, C=native code)
C  [imgui-java64.dll+0x42d47]
C  0x0000000002c75e34

Java frames: (J=compiled Java code, j=interpreted, Vv=VM code)
j  imgui.ImDrawData.getCmdListsCount()I+0
j  imgui.gl3.ImGuiImplGl3.renderDrawData(Limgui/ImDrawData;)V+1
j  jade.Window.run2()V+33
j  Mainx.main.main([Ljava/lang/String;)V+13
v  ~StubRoutines::call_stub

---------------  P R O C E S S  ---------------

Java Threads: ( => current thread )
  0x0000000031395800 JavaThread "Service Thread" daemon [_thread_blocked, id=2672, stack(0x0000000031c80000,0x0000000031d80000)]
  0x0000000031303000 JavaThread "C1 CompilerThread3" daemon [_thread_blocked, id=16332, stack(0x0000000031b80000,0x0000000031c80000)]
  0x00000000312b8000 JavaThread "C2 CompilerThread2" daemon [_thread_blocked, id=19612, stack(0x0000000031a80000,0x0000000031b80000)]
  0x00000000312b4000 JavaThread "C2 CompilerThread1" daemon [_thread_blocked, id=13784, stack(0x0000000031980000,0x0000000031a80000)]
  0x00000000312b0000 JavaThread "C2 CompilerThread0" daemon [_thread_blocked, id=12020, stack(0x0000000031880000,0x0000000031980000)]
  0x00000000312ae800 JavaThread "Attach Listener" daemon [_thread_blocked, id=6636, stack(0x0000000031780000,0x0000000031880000)]
  0x00000000312fd800 JavaThread "Signal Dispatcher" daemon [_thread_blocked, id=4064, stack(0x0000000031680000,0x0000000031780000)]
  0x0000000002c5a000 JavaThread "Finalizer" daemon [_thread_blocked, id=20372, stack(0x0000000031080000,0x0000000031180000)]
  0x000000002f1bd000 JavaThread "Reference Handler" daemon [_thread_blocked, id=18304, stack(0x0000000030f80000,0x0000000031080000)]
=>0x0000000002a5e800 JavaThread "main" [_thread_in_native, id=19924, stack(0x0000000002a60000,0x0000000002b60000)]

Other Threads:
  0x000000002f1b7800 VMThread [stack: 0x0000000030e80000,0x0000000030f80000] [id=17356]
  0x00000000313e4000 WatcherThread [stack: 0x0000000031d80000,0x0000000031e80000] [id=20368]

VM state:not at safepoint (normal execution)

VM Mutex/Monitor currently owned by a thread: None

Heap:
 PSYoungGen      total 228864K, used 39400K [0x00000006c0c00000, 0x00000006d0b00000, 0x00000007c0000000)
  eden space 196608K, 20% used [0x00000006c0c00000,0x00000006c327a3b8,0x00000006ccc00000)
  from space 32256K, 0% used [0x00000006ceb80000,0x00000006ceb80000,0x00000006d0b00000)
  to   space 32256K, 0% used [0x00000006ccc00000,0x00000006ccc00000,0x00000006ceb80000)
 ParOldGen       total 523264K, used 0K [0x00000004c2400000, 0x00000004e2300000, 0x00000006c0c00000)
  object space 523264K, 0% used [0x00000004c2400000,0x00000004c2400000,0x00000004e2300000)
 Metaspace       used 12383K, capacity 12639K, committed 12928K, reserved 1060864K
  class space    used 918K, capacity 1025K, committed 1152K, reserved 1048576K

Card table byte_map: [0x0000000012020000,0x0000000013810000] byte_map_base: 0x000000000fa0e000

Marking Bits: (ParMarkBitMap*) 0x000000006b3da5b0
 Begin Bits: [0x0000000015010000, 0x0000000020f80000)
 End Bits:   [0x0000000020f80000, 0x000000002cef0000)

Polling page: 0x00000000011a0000

CodeCache: size=245760Kb used=3504Kb max_used=3504Kb free=242255Kb
 bounds [0x0000000002c60000, 0x0000000002fd0000, 0x0000000011c60000]
 total_blobs=2006 nmethods=827 adapters=1092
 compilation: enabled

Compilation events (10 events):
Event: 1.931 Thread 0x0000000031303000  823       3       sun.misc.URLClassPath$JarLoader$2::getContentLength (9 bytes)
Event: 1.932 Thread 0x0000000031303000 nmethod 823 0x0000000002fcab10 code [0x0000000002fcac80, 0x0000000002fcaed0]
Event: 1.932 Thread 0x0000000031303000  824       3       sun.misc.URLClassPath$JarLoader$2::getCodeSigners (8 bytes)
Event: 1.932 Thread 0x0000000031303000 nmethod 824 0x0000000002fcaf90 code [0x0000000002fcb100, 0x0000000002fcb328]
Event: 1.932 Thread 0x0000000031303000  825   !   3       java.util.jar.JarFile$JarFileEntry::getCodeSigners (78 bytes)
Event: 1.932 Thread 0x0000000031303000 nmethod 825 0x0000000002fcb3d0 code [0x0000000002fcb5a0, 0x0000000002fcbbb8]
Event: 1.932 Thread 0x0000000031303000  826       3       java.util.jar.JarFile::access$200 (5 bytes)
Event: 1.932 Thread 0x0000000031303000 nmethod 826 0x0000000002fcbe10 code [0x0000000002fcbf80, 0x0000000002fcc0e8]
Event: 1.935 Thread 0x0000000031303000  827       3       java.util.regex.Pattern$Curly::match (86 bytes)
Event: 1.935 Thread 0x0000000031303000 nmethod 827 0x0000000002fcc190 code [0x0000000002fcc340, 0x0000000002fcc938]

GC Heap History (0 events):
No events

Deoptimization events (2 events):
Event: 0.081 Thread 0x0000000002a5e800 Uncommon trap: reason=unstable_if action=reinterpret pc=0x0000000002d8c9c8 method=java.lang.String.hashCode()I @ 14
Event: 0.102 Thread 0x0000000002a5e800 Uncommon trap: reason=unstable_if action=reinterpret pc=0x0000000002dc8ba8 method=java.lang.String.indexOf([CII[CIII)I @ 134

Internal exceptions (10 events):
Event: 0.180 Thread 0x0000000002a5e800 Exception <a 'sun/nio/fs/WindowsException'> (0x00000006c1a526d0) thrown at [C:\workspace\8-2-build-windows-amd64-cygwin\jdk8u65\4987\hotspot\src\share\vm\prims\jni.cpp, line 709]
Event: 0.207 Thread 0x0000000002a5e800 Exception <a 'sun/nio/fs/WindowsException'> (0x00000006c1bb8dc0) thrown at [C:\workspace\8-2-build-windows-amd64-cygwin\jdk8u65\4987\hotspot\src\share\vm\prims\jni.cpp, line 709]
Event: 0.207 Thread 0x0000000002a5e800 Exception <a 'sun/nio/fs/WindowsException'> (0x00000006c1bb94a0) thrown at [C:\workspace\8-2-build-windows-amd64-cygwin\jdk8u65\4987\hotspot\src\share\vm\prims\jni.cpp, line 709]
Event: 0.411 Thread 0x0000000002a5e800 Exception <a 'sun/nio/fs/WindowsException'> (0x00000006c1ccfe90) thrown at [C:\workspace\8-2-build-windows-amd64-cygwin\jdk8u65\4987\hotspot\src\share\vm\prims\jni.cpp, line 709]
Event: 0.411 Thread 0x0000000002a5e800 Exception <a 'sun/nio/fs/WindowsException'> (0x00000006c1cd05d0) thrown at [C:\workspace\8-2-build-windows-amd64-cygwin\jdk8u65\4987\hotspot\src\share\vm\prims\jni.cpp, line 709]
Event: 0.413 Thread 0x0000000002a5e800 Exception <a 'sun/nio/fs/WindowsException'> (0x00000006c1ce3918) thrown at [C:\workspace\8-2-build-windows-amd64-cygwin\jdk8u65\4987\hotspot\src\share\vm\prims\jni.cpp, line 709]
Event: 0.413 Thread 0x0000000002a5e800 Exception <a 'sun/nio/fs/WindowsException'> (0x00000006c1ce3f10) thrown at [C:\workspace\8-2-build-windows-amd64-cygwin\jdk8u65\4987\hotspot\src\share\vm\prims\jni.cpp, line 709]
Event: 0.595 Thread 0x0000000002a5e800 Exception <a 'sun/nio/fs/WindowsException'> (0x00000006c2946b28) thrown at [C:\workspace\8-2-build-windows-amd64-cygwin\jdk8u65\4987\hotspot\src\share\vm\prims\jni.cpp, line 709]
Event: 0.595 Thread 0x0000000002a5e800 Exception <a 'sun/nio/fs/WindowsException'> (0x00000006c2947230) thrown at [C:\workspace\8-2-build-windows-amd64-cygwin\jdk8u65\4987\hotspot\src\share\vm\prims\jni.cpp, line 709]
Event: 1.885 Thread 0x0000000002a5e800 Exception <a 'sun/nio/fs/WindowsException'> (0x00000006c2e4dad8) thrown at [C:\workspace\8-2-build-windows-amd64-cygwin\jdk8u65\4987\hotspot\src\share\vm\prims\jni.cpp, line 709]

Events (10 events):
Event: 1.933 loading class imgui/glfw/ImGuiImplGlfw
Event: 1.933 loading class imgui/glfw/ImGuiImplGlfw done
Event: 1.933 loading class org/lwjgl/glfw/GLFWNativeWin32
Event: 1.933 loading class org/lwjgl/glfw/GLFWNativeWin32 done
Event: 1.934 loading class org/lwjgl/glfw/GLFWNativeWin32$Functions
Event: 1.934 loading class org/lwjgl/glfw/GLFWNativeWin32$Functions done
Event: 1.934 loading class imgui/glfw/ImGuiImplGlfw$ImGuiViewportDataGlfw
Event: 1.934 loading class imgui/glfw/ImGuiImplGlfw$ImGuiViewportDataGlfw done
Event: 1.935 loading class imgui/type/ImInt
Event: 1.935 loading class imgui/type/ImInt done


Dynamic libraries:
0x00007ff776e70000 - 0x00007ff776ea7000 	C:\Program Files\Java\jdk1.8.0_65\bin\java.exe
0x00007fff33d30000 - 0x00007fff33f28000 	C:\WINDOWS\SYSTEM32\ntdll.dll
0x00007fff32480000 - 0x00007fff3253d000 	C:\WINDOWS\System32\KERNEL32.DLL
0x00007fff31ac0000 - 0x00007fff31d8e000 	C:\WINDOWS\System32\KERNELBASE.dll
0x00007fff33020000 - 0x00007fff330ce000 	C:\WINDOWS\System32\ADVAPI32.dll
0x00007fff31d90000 - 0x00007fff31e2e000 	C:\WINDOWS\System32\msvcrt.dll
0x00007fff32ee0000 - 0x00007fff32f7c000 	C:\WINDOWS\System32\sechost.dll
0x00007fff31f10000 - 0x00007fff32035000 	C:\WINDOWS\System32\RPCRT4.dll
0x00007fff322e0000 - 0x00007fff32480000 	C:\WINDOWS\System32\USER32.dll
0x00007fff31740000 - 0x00007fff31762000 	C:\WINDOWS\System32\win32u.dll
0x00007fff32a30000 - 0x00007fff32a5a000 	C:\WINDOWS\System32\GDI32.dll
0x00007fff31550000 - 0x00007fff3165b000 	C:\WINDOWS\System32\gdi32full.dll
0x00007fff319f0000 - 0x00007fff31a8d000 	C:\WINDOWS\System32\msvcp_win.dll
0x00007fff31450000 - 0x00007fff31550000 	C:\WINDOWS\System32\ucrtbase.dll
0x00007fff230d0000 - 0x00007fff2336a000 	C:\WINDOWS\WinSxS\amd64_microsoft.windows.common-controls_6595b64144ccf1df_6.0.19041.1110_none_60b5254171f9507e\COMCTL32.dll
0x00007fff31e30000 - 0x00007fff31e60000 	C:\WINDOWS\System32\IMM32.DLL
0x000000006aaf0000 - 0x000000006abc2000 	C:\Program Files\Java\jdk1.8.0_65\jre\bin\msvcr100.dll
0x000000006abd0000 - 0x000000006b459000 	C:\Program Files\Java\jdk1.8.0_65\jre\bin\server\jvm.dll
0x00007fff32570000 - 0x00007fff32578000 	C:\WINDOWS\System32\PSAPI.DLL
0x00007fff19110000 - 0x00007fff19119000 	C:\WINDOWS\SYSTEM32\WSOCK32.dll
0x00007fff2aa30000 - 0x00007fff2aa3a000 	C:\WINDOWS\SYSTEM32\VERSION.dll
0x00007fff25200000 - 0x00007fff25227000 	C:\WINDOWS\SYSTEM32\WINMM.dll
0x00007fff32940000 - 0x00007fff329ab000 	C:\WINDOWS\System32\WS2_32.dll
0x000000006d2c0000 - 0x000000006d2cf000 	C:\Program Files\Java\jdk1.8.0_65\jre\bin\verify.dll
0x000000006aa80000 - 0x000000006aaa9000 	C:\Program Files\Java\jdk1.8.0_65\jre\bin\java.dll
0x000000006cda0000 - 0x000000006cdb6000 	C:\Program Files\Java\jdk1.8.0_65\jre\bin\zip.dll
0x00007fff33130000 - 0x00007fff33874000 	C:\WINDOWS\System32\SHELL32.dll
0x00007fff2f530000 - 0x00007fff2fcc4000 	C:\WINDOWS\SYSTEM32\windows.storage.dll
0x00007fff32580000 - 0x00007fff328d4000 	C:\WINDOWS\System32\combase.dll
0x00007fff30eb0000 - 0x00007fff30ee0000 	C:\WINDOWS\SYSTEM32\Wldp.dll
0x00007fff32040000 - 0x00007fff320ed000 	C:\WINDOWS\System32\SHCORE.dll
0x00007fff32c70000 - 0x00007fff32cc5000 	C:\WINDOWS\System32\shlwapi.dll
0x00007fff31390000 - 0x00007fff313af000 	C:\WINDOWS\SYSTEM32\profapi.dll
0x000000006aa60000 - 0x000000006aa7a000 	C:\Program Files\Java\jdk1.8.0_65\jre\bin\net.dll
0x00007fff30c10000 - 0x00007fff30c7a000 	C:\WINDOWS\system32\mswsock.dll
0x000000006aa40000 - 0x000000006aa51000 	C:\Program Files\Java\jdk1.8.0_65\jre\bin\nio.dll
0x00007ffee83b0000 - 0x00007ffee8414000 	C:\Users\ZIVBD\AppData\Local\Temp\lwjglZIVBD\3.2.3-build-13\lwjgl.dll
0x00007ffee6b60000 - 0x00007ffee6bc2000 	C:\Users\ZIVBD\AppData\Local\Temp\lwjglZIVBD\3.2.3-build-13\glfw.dll
0x00007fff2ead0000 - 0x00007fff2eb6e000 	C:\WINDOWS\system32\uxtheme.dll
0x00007ffeea0e0000 - 0x00007ffeea125000 	C:\WINDOWS\SYSTEM32\dinput8.dll
0x00007ffef07d0000 - 0x00007ffef07e1000 	C:\WINDOWS\SYSTEM32\xinput1_4.dll
0x00007fff31660000 - 0x00007fff316ae000 	C:\WINDOWS\System32\cfgmgr32.dll
0x00007fff31200000 - 0x00007fff3122c000 	C:\WINDOWS\SYSTEM32\DEVOBJ.dll
0x00007fff2edd0000 - 0x00007fff2edff000 	C:\WINDOWS\SYSTEM32\dwmapi.dll
0x00007fff08590000 - 0x00007fff086e2000 	C:\WINDOWS\SYSTEM32\inputhost.dll
0x00007fff320f0000 - 0x00007fff321bd000 	C:\WINDOWS\System32\OLEAUT32.dll
0x00007fff2dbb0000 - 0x00007fff2dd04000 	C:\WINDOWS\SYSTEM32\wintypes.dll
0x00007fff2e700000 - 0x00007fff2e7f2000 	C:\WINDOWS\SYSTEM32\CoreMessaging.dll
0x00007fff2cc60000 - 0x00007fff2cd56000 	C:\WINDOWS\SYSTEM32\PROPSYS.dll
0x00007fff2e3a0000 - 0x00007fff2e6fe000 	C:\WINDOWS\SYSTEM32\CoreUIComponents.dll
0x00007fff316b0000 - 0x00007fff31732000 	C:\WINDOWS\System32\bcryptPrimitives.dll
0x00007fff30140000 - 0x00007fff30173000 	C:\WINDOWS\SYSTEM32\ntmarta.dll
0x00007fff2fd00000 - 0x00007fff2fd12000 	C:\WINDOWS\SYSTEM32\kernel.appcore.dll
0x00007fff321c0000 - 0x00007fff322d5000 	C:\WINDOWS\System32\MSCTF.dll
0x00007fff30180000 - 0x00007fff3018d000 	C:\WINDOWS\SYSTEM32\HID.DLL
0x00007fff33880000 - 0x00007fff33cef000 	C:\WINDOWS\System32\SETUPAPI.DLL
0x00007fff31a90000 - 0x00007fff31ab7000 	C:\WINDOWS\System32\bcrypt.dll
0x00007fff31770000 - 0x00007fff317d8000 	C:\WINDOWS\System32\WINTRUST.dll
0x00007fff31890000 - 0x00007fff319e6000 	C:\WINDOWS\System32\CRYPT32.dll
0x00007fff31040000 - 0x00007fff31052000 	C:\WINDOWS\SYSTEM32\MSASN1.dll
0x00007ffee6e30000 - 0x00007ffee6f57000 	C:\WINDOWS\SYSTEM32\opengl32.dll
0x00007fff0fd20000 - 0x00007fff0fd4c000 	C:\WINDOWS\SYSTEM32\GLU32.dll
0x00007fff31e60000 - 0x00007fff31f09000 	C:\WINDOWS\System32\clbcatq.dll
0x00007ffeafe80000 - 0x00007ffeb2ea8000 	C:\WINDOWS\System32\DriverStore\FileRepository\nvhdc.inf_amd64_f00dd7aaa84657e3\nvoglv64.dll
0x00007fff32db0000 - 0x00007fff32eda000 	C:\WINDOWS\System32\ole32.dll
0x00007fff2cdc0000 - 0x00007fff2cdd4000 	C:\WINDOWS\SYSTEM32\WTSAPI32.dll
0x00007fff30e20000 - 0x00007fff30e2c000 	C:\WINDOWS\SYSTEM32\CRYPTBASE.DLL
0x00007fff26370000 - 0x00007fff263a1000 	C:\WINDOWS\SYSTEM32\cryptnet.dll
0x00007fff26220000 - 0x00007fff26368000 	C:\WINDOWS\SYSTEM32\drvstore.dll
0x00007fff28310000 - 0x00007fff2834b000 	C:\WINDOWS\SYSTEM32\dxcore.dll
0x00007ffef1ba0000 - 0x00007ffef1e52000 	C:\WINDOWS\system32\nvspcap64.dll
0x00007fff309d0000 - 0x00007fff30a1b000 	C:\WINDOWS\SYSTEM32\powrprof.dll
0x00007fff30890000 - 0x00007fff308a2000 	C:\WINDOWS\SYSTEM32\UMPDC.dll
0x00007fff301c0000 - 0x00007fff3021a000 	C:\WINDOWS\SYSTEM32\WINSTA.dll
0x00007fff11c10000 - 0x00007fff11d09000 	C:\WINDOWS\SYSTEM32\textinputframework.dll
0x00007ffec5cf0000 - 0x00007ffec5d49000 	C:\Users\ZIVBD\AppData\Local\Temp\lwjglZIVBD\3.2.3-build-13\lwjgl_opengl.dll
0x00007ffec5c70000 - 0x00007ffec5ce7000 	C:\Users\ZIVBD\AppData\Local\Temp\lwjglZIVBD\3.2.3-build-13\lwjgl_stb.dll
0x0000000064a00000 - 0x0000000064d10000 	C:\Users\ZIVBD\AppData\Local\Temp\imgui-java-natives_1660342767121\imgui-java64.dll
0x00007fff30e00000 - 0x00007fff30e18000 	C:\WINDOWS\SYSTEM32\CRYPTSP.dll
0x00007fff30520000 - 0x00007fff30554000 	C:\WINDOWS\system32\rsaenh.dll
0x00007fff2f230000 - 0x00007fff2f414000 	C:\WINDOWS\SYSTEM32\dbghelp.dll

VM Arguments:
jvm_args: -Dfile.encoding=UTF-8 
java_command: Mainx.main
java_class_path (initial): C:\Program Files\NetBeans 8.0.2\java\modules\ext\AbsoluteLayout.jar;C:\Users\ZIVBD\eqee Dropbox\ziv bendavid\PC\Downloads\jbox2d-jbox2d-2.2.1.1\jbox2d-library;C:\Users\ZIVBD\eqee Dropbox\ziv bendavid\PC\Downloads\JBox2D-Support-master\JBox2D-Support-master\jbox2d-library-2.3.0-SNAPSHOT;C:\Users\ZIVBD\eqee Dropbox\ziv bendavid\PC\Downloads\joml-1.10.4.jar;C:\Users\ZIVBD\OneDrive\שולחן העבודה\jade;C:\Users\ZIVBD\OneDrive\שולחן העבודה\jade.jar;C:\Users\ZIVBD\eqee Dropbox\ziv bendavid\PC\Downloads\junit-4.13.2.jar;C:\Users\ZIVBD\eqee Dropbox\ziv bendavid\PC\Downloads\JavaHamcrest-2.2.zip;C:\Users\ZIVBD\eqee Dropbox\ziv bendavid\PC\Downloads\hamcrest-all-1.3.jar;C:\Users\ZIVBD\OneDrive\שולחן העבודה\joml-1.10.4-javadoc.jar;C:\Users\ZIVBD\OneDrive\שולחן העבודה\joml-1.10.4-sources.jar;C:\Users\ZIVBD\OneDrive\שולחן העבודה\joml-1.10.4.jar;C:\Users\ZIVBD\OneDrive\שולחן העבודה\lwjgl-assimp-javadoc.jar;C:\Users\ZIVBD\OneDrive\שולחן העבודה\lwjgl-assimp-natives-windows.jar;C:\Users\ZIVBD\OneDrive\שולחן העבודה\lwjgl-assimp-sources.jar;C:\Users\ZIVBD\OneDrive\שולחן העבודה\lwjgl-assimp.jar;C:\Users\ZIVBD\OneDrive\שולחן העבודה\lwjgl-glfw-javadoc.jar;C:\Users\ZIVBD\OneDrive\שולחן העבודה\lwjgl-glfw-natives-windows.jar;C:\Users\ZIVBD\OneDrive\שולחן העבודה\lwjgl-glfw-sources.jar;C:\Users\ZIVBD\OneDrive\שולחן העבודה\lwjgl-glfw.jar;C:\Users\ZIVBD\OneDrive\שולחן העבודה\lwjgl-javadoc.jar;C:\Users\ZIVBD\OneDrive\שולחן העבודה\lwjgl-natives-windows.jar;C:\Users\ZIVBD\OneDrive\שולחן העבודה\lwjgl-openal-javadoc.jar;C:\Users\ZIVBD\OneDrive\שולחן העבודה\lwjgl-openal-natives-windows.jar;C:\Users\ZIVBD\OneDrive\שולחן העבודה\lwjgl-openal-sources.jar;C:\Users\ZIVBD\OneDrive\שולחן העבודה\lwjgl-openal.jar;C:\Users\ZIVBD\OneDrive\שולחן העבודה\lwjgl-opengl-javadoc.jar;C:\Users\ZIVBD\OneDrive\שולחן העבודה\lwjgl-opengl-natives-windows.jar;C:\Users\ZIVBD\OneDrive\שולחן העבודה\lwjgl-opengl-sources.jar;C:\Users\ZIVBD\OneDrive\שולחן העבודה\lwjgl-opengl.jar;C:\Users\ZIVBD\OneDrive\שולח
Launcher Type: SUN_STANDARD

Environment Variables:
PATH=C:\Program Files\Oculus\Support\oculus-runtime;C:\Program Files (x86)\Common Files\Intel\Shared Libraries\redist\intel64\compiler;C:\Program Files (x86)\Common Files\Oracle\Java\javapath;C:\ProgramData\Oracle\Java\javapath;C:\windows\system32;C:\windows;C:\windows\System32\Wbem;C:\windows\System32\WindowsPowerShell\v1.0\;C:\windows\System32\OpenSSH\;C:\Program Files (x86)\NVIDIA Corporation\PhysX\Common;C:\Program Files\NVIDIA Corporation\NVIDIA NvDLISR;C:\WINDOWS\system32;C:\WINDOWS;C:\WINDOWS\System32\Wbem;C:\WINDOWS\System32\WindowsPowerShell\v1.0\;C:\WINDOWS\System32\OpenSSH\;C:\Program Files\dotnet\;C:\Users\ZIVBD\AppData\Local\Microsoft\WindowsApps;;C:\Users\ZIVBD\AppData\Local\Programs\Microsoft VS Code\bin
USERNAME=ZIVBD
OS=Windows_NT
PROCESSOR_IDENTIFIER=Intel64 Family 6 Model 158 Stepping 13, GenuineIntel



---------------  S Y S T E M  ---------------

OS: Windows 10.0 , 64 bit Build 19041 (10.0.19041.1889)

CPU:total 8 (8 cores per cpu, 1 threads per core) family 6 model 158 stepping 13, cmov, cx8, fxsr, mmx, sse, sse2, sse3, ssse3, sse4.1, sse4.2, popcnt, avx, avx2, aes, clmul, erms, 3dnowpref, lzcnt, tsc, tscinvbit, bmi1, bmi2, adx

Memory: 4k page, physical 50182968k(41677088k free), swap 57523000k(45075536k free)

vm_info: Java HotSpot(TM) 64-Bit Server VM (25.65-b01) for windows-amd64 JRE (1.8.0_65-b17), built on Oct  6 2015 16:39:20 by "java_re" with MS VC++ 10.0 (VS2010)

time: Sat Aug 13 01:19:27 2022
elapsed time: 1 seconds (0d 0h 0m 1s)

