#
# A fatal error has been detected by the Java Runtime Environment:
#
#  EXCEPTION_ACCESS_VIOLATION (0xc0000005) at pc=0x00007fff31e04589, pid=4688, tid=16516
#
# JRE version: Java(TM) SE Runtime Environment (8.0_65-b17) (build 1.8.0_65-b17)
# Java VM: Java HotSpot(TM) 64-Bit Server VM (25.65-b01 mixed mode windows-amd64 compressed oops)
# Problematic frame:
# C  [msvcrt.dll+0x74589]
#
# Failed to write core dump. Minidumps are not enabled by default on client versions of Windows
#
# If you would like to submit a bug report, please visit:
#   http://bugreport.java.com/bugreport/crash.jsp
# The crash happened outside the Java Virtual Machine in native code.
# See problematic frame for where to report the bug.
#

---------------  T H R E A D  ---------------

Current thread (0x0000000002d5e800):  JavaThread "main" [_thread_in_native, id=16516, stack(0x0000000002d60000,0x0000000002e60000)]

siginfo: ExceptionCode=0xc0000005, reading address 0x00007fff11d09000

Registers:
RAX=0x000000007fff6040, RBX=0x00000000514ecf00, RCX=0x000000008003a350, RDX=0x00007ffe91ccec90
RSP=0x0000000002e5efe8, RBP=0x00000006c301d440, RSI=0x00000006c301d490, RDI=0x00000006c301d468
R8 =0x0000000000000030, R9 =0x0000000001452a2f, R10=0x000000000000000e, R11=0x00007fff631b1bd0
R12=0x0000000002d5e9f8, R13=0x0000000002e5f128, R14=0x0000000002e5f130, R15=0x0000000002e5f138
RIP=0x00007fff31e04589, EFLAGS=0x0000000000010212

Top of Stack: (sp=0x0000000002e5efe8)
0x0000000002e5efe8:   0000000064a48c3e 00000000514ecf00
0x0000000002e5eff8:   00000006c301d440 0000000080200031
0x0000000002e5f008:   00000000514ecf00 00000006c301d490
0x0000000002e5f018:   00007ffeb09a9b9a 0000000000000001
0x0000000002e5f028:   00007fff11cc4cd0 00000007c0000b68
0x0000000002e5f038:   00000000393f4dd0 0000000080200031
0x0000000002e5f048:   0000000000000128 0000000002e5f100
0x0000000002e5f058:   0000000000000000 00000000393f4dd0
0x0000000002e5f068:   0000000002e5f138 0000000002d5e800
0x0000000002e5f078:   0000000002f75e34 0000000000000001
0x0000000002e5f088:   000000006ad0a210 00000007c0000b68
0x0000000002e5f098:   0000000002d5e800 0000000002e5f120
0x0000000002e5f0a8:   000000006acc3e8b 00000007c0000b68
0x0000000002e5f0b8:   0000000003073559 0000000002e5f0c0
0x0000000002e5f0c8:   0000000000000000 0000000002e5f138
0x0000000002e5f0d8:   00000000393f5f78 0000000000000000 

Instructions: (pc=0x00007fff31e04589)
0x00007fff31e04569:   1f 84 00 00 00 00 00 66 66 66 66 66 66 66 0f 1f
0x00007fff31e04579:   84 00 00 00 00 00 90 0f 10 0c 11 0f 10 54 11 10
0x00007fff31e04589:   0f 10 5c 11 20 0f 10 64 11 30 0f 2b 41 f0 48 83
0x00007fff31e04599:   c1 40 0f 18 44 11 40 49 ff c9 0f 2b 49 c0 0f 2b 


Register to memory mapping:

RAX=0x000000007fff6040 is an unknown value
RBX=0x00000000514ecf00 is an unknown value
RCX=0x000000008003a350 is an unknown value
RDX=0x00007ffe91ccec90 is an unknown value
RSP=0x0000000002e5efe8 is pointing into the stack for thread: 0x0000000002d5e800
RBP=0x00000006c301d440 is an oop

[error occurred during error reporting (printing register info), id 0xc0000005]

Stack: [0x0000000002d60000,0x0000000002e60000],  sp=0x0000000002e5efe8,  free space=1019k
Native frames: (J=compiled Java code, j=interpreted, Vv=VM code, C=native code)
C  [msvcrt.dll+0x74589]
C  [imgui-java64.dll+0x48c3e]
C  0x0000000002f75e34

Java frames: (J=compiled Java code, j=interpreted, Vv=VM code)
j  imgui.ImFontAtlas.nGetTexDataAsRGBA32([I[I[I)V+0
j  imgui.ImFontAtlas.getTexDataAsRGBA32(Limgui/type/ImInt;Limgui/type/ImInt;Limgui/type/ImInt;)Ljava/nio/ByteBuffer;+13
j  imgui.ImFontAtlas.getTexDataAsRGBA32(Limgui/type/ImInt;Limgui/type/ImInt;)Ljava/nio/ByteBuffer;+10
j  imgui.gl3.ImGuiImplGl3.updateFontsTexture()V+33
j  imgui.gl3.ImGuiImplGl3.createDeviceObjects()V+114
j  imgui.gl3.ImGuiImplGl3.init(Ljava/lang/String;)V+27
j  jade.Window.init2()V+29
j  Mainx.main.main([Ljava/lang/String;)V+34
v  ~StubRoutines::call_stub

---------------  P R O C E S S  ---------------

Java Threads: ( => current thread )
  0x00000000316c6800 JavaThread "Service Thread" daemon [_thread_blocked, id=4016, stack(0x0000000031fb0000,0x00000000320b0000)]
  0x0000000031635000 JavaThread "C1 CompilerThread3" daemon [_thread_blocked, id=17548, stack(0x0000000031eb0000,0x0000000031fb0000)]
  0x0000000031630000 JavaThread "C2 CompilerThread2" daemon [_thread_blocked, id=14100, stack(0x0000000031db0000,0x0000000031eb0000)]
  0x00000000315e6800 JavaThread "C2 CompilerThread1" daemon [_thread_blocked, id=11808, stack(0x0000000031cb0000,0x0000000031db0000)]
  0x00000000315e2800 JavaThread "C2 CompilerThread0" daemon [_thread_blocked, id=11328, stack(0x0000000031bb0000,0x0000000031cb0000)]
  0x00000000315e1800 JavaThread "Attach Listener" daemon [_thread_blocked, id=1512, stack(0x0000000031ab0000,0x0000000031bb0000)]
  0x00000000315e1000 JavaThread "Signal Dispatcher" daemon [_thread_blocked, id=13976, stack(0x00000000319b0000,0x0000000031ab0000)]
  0x0000000002f5a000 JavaThread "Finalizer" daemon [_thread_blocked, id=1812, stack(0x00000000313b0000,0x00000000314b0000)]
  0x000000002f4bd000 JavaThread "Reference Handler" daemon [_thread_blocked, id=10584, stack(0x00000000312b0000,0x00000000313b0000)]
=>0x0000000002d5e800 JavaThread "main" [_thread_in_native, id=16516, stack(0x0000000002d60000,0x0000000002e60000)]

Other Threads:
  0x000000002f4b7800 VMThread [stack: 0x00000000311b0000,0x00000000312b0000] [id=2592]
  0x0000000031729800 WatcherThread [stack: 0x00000000320b0000,0x00000000321b0000] [id=15068]

VM state:not at safepoint (normal execution)

VM Mutex/Monitor currently owned by a thread: None

Heap:
 PSYoungGen      total 228864K, used 39327K [0x00000006c0c00000, 0x00000006d0b00000, 0x00000007c0000000)
  eden space 196608K, 20% used [0x00000006c0c00000,0x00000006c3267ec8,0x00000006ccc00000)
  from space 32256K, 0% used [0x00000006ceb80000,0x00000006ceb80000,0x00000006d0b00000)
  to   space 32256K, 0% used [0x00000006ccc00000,0x00000006ccc00000,0x00000006ceb80000)
 ParOldGen       total 523264K, used 0K [0x00000004c2400000, 0x00000004e2300000, 0x00000006c0c00000)
  object space 523264K, 0% used [0x00000004c2400000,0x00000004c2400000,0x00000004e2300000)
 Metaspace       used 12481K, capacity 12703K, committed 12928K, reserved 1060864K
  class space    used 915K, capacity 1025K, committed 1152K, reserved 1048576K

Card table byte_map: [0x0000000012320000,0x0000000013b10000] byte_map_base: 0x000000000fd0e000

Marking Bits: (ParMarkBitMap*) 0x000000006b3da5b0
 Begin Bits: [0x0000000015310000, 0x0000000021280000)
 End Bits:   [0x0000000021280000, 0x000000002d1f0000)

Polling page: 0x00000000014d0000

CodeCache: size=245760Kb used=3722Kb max_used=3735Kb free=242037Kb
 bounds [0x0000000002f60000, 0x0000000003310000, 0x0000000011f60000]
 total_blobs=2135 nmethods=956 adapters=1092
 compilation: enabled

Compilation events (10 events):
Event: 7.034 Thread 0x0000000031635000 nmethod 953 0x00000000032ff110 code [0x00000000032ff260, 0x00000000032ff370]
Event: 7.035 Thread 0x0000000031635000  955       3       java.util.regex.Pattern$Ctype::isSatisfiedBy (24 bytes)
Event: 7.035 Thread 0x0000000031635000 nmethod 955 0x00000000032fea90 code [0x00000000032fec00, 0x00000000032fef90]
Event: 7.035 Thread 0x0000000031635000  956       3       java.util.regex.ASCII::isType (15 bytes)
Event: 7.035 Thread 0x0000000031635000 nmethod 956 0x00000000032fe590 code [0x00000000032fe700, 0x00000000032fe970]
Event: 7.036 Thread 0x0000000031630000 nmethod 952 0x0000000003302210 code [0x0000000003302380, 0x0000000003302678]
Event: 7.036 Thread 0x0000000031630000  954       4       org.lwjgl.PointerBuffer::get (22 bytes)
Event: 7.036 Thread 0x00000000315e6800 nmethod 951 0x00000000033019d0 code [0x0000000003301b40, 0x0000000003301e98]
Event: 7.036 Thread 0x0000000031630000 nmethod 954 0x0000000003301710 code [0x0000000003301840, 0x00000000033018f8]
Event: 7.041 Thread 0x00000000315e2800 nmethod 950 0x0000000003305f90 code [0x0000000003306160, 0x0000000003306980]

GC Heap History (0 events):
No events

Deoptimization events (1 events):
Event: 0.081 Thread 0x0000000002d5e800 Uncommon trap: reason=unstable_if action=reinterpret pc=0x000000000308a588 method=java.lang.String.hashCode()I @ 14

Internal exceptions (10 events):
Event: 0.186 Thread 0x0000000002d5e800 Exception <a 'sun/nio/fs/WindowsException'> (0x00000006c1a4c108) thrown at [C:\workspace\8-2-build-windows-amd64-cygwin\jdk8u65\4987\hotspot\src\share\vm\prims\jni.cpp, line 709]
Event: 0.213 Thread 0x0000000002d5e800 Exception <a 'sun/nio/fs/WindowsException'> (0x00000006c1ba8718) thrown at [C:\workspace\8-2-build-windows-amd64-cygwin\jdk8u65\4987\hotspot\src\share\vm\prims\jni.cpp, line 709]
Event: 0.213 Thread 0x0000000002d5e800 Exception <a 'sun/nio/fs/WindowsException'> (0x00000006c1ba8df8) thrown at [C:\workspace\8-2-build-windows-amd64-cygwin\jdk8u65\4987\hotspot\src\share\vm\prims\jni.cpp, line 709]
Event: 0.427 Thread 0x0000000002d5e800 Exception <a 'sun/nio/fs/WindowsException'> (0x00000006c1cbf7e8) thrown at [C:\workspace\8-2-build-windows-amd64-cygwin\jdk8u65\4987\hotspot\src\share\vm\prims\jni.cpp, line 709]
Event: 0.427 Thread 0x0000000002d5e800 Exception <a 'sun/nio/fs/WindowsException'> (0x00000006c1cbff28) thrown at [C:\workspace\8-2-build-windows-amd64-cygwin\jdk8u65\4987\hotspot\src\share\vm\prims\jni.cpp, line 709]
Event: 0.429 Thread 0x0000000002d5e800 Exception <a 'sun/nio/fs/WindowsException'> (0x00000006c1cd3270) thrown at [C:\workspace\8-2-build-windows-amd64-cygwin\jdk8u65\4987\hotspot\src\share\vm\prims\jni.cpp, line 709]
Event: 0.429 Thread 0x0000000002d5e800 Exception <a 'sun/nio/fs/WindowsException'> (0x00000006c1cd3868) thrown at [C:\workspace\8-2-build-windows-amd64-cygwin\jdk8u65\4987\hotspot\src\share\vm\prims\jni.cpp, line 709]
Event: 0.628 Thread 0x0000000002d5e800 Exception <a 'sun/nio/fs/WindowsException'> (0x00000006c2935ac8) thrown at [C:\workspace\8-2-build-windows-amd64-cygwin\jdk8u65\4987\hotspot\src\share\vm\prims\jni.cpp, line 709]
Event: 0.628 Thread 0x0000000002d5e800 Exception <a 'sun/nio/fs/WindowsException'> (0x00000006c29361d0) thrown at [C:\workspace\8-2-build-windows-amd64-cygwin\jdk8u65\4987\hotspot\src\share\vm\prims\jni.cpp, line 709]
Event: 5.305 Thread 0x0000000002d5e800 Exception <a 'sun/nio/fs/WindowsException'> (0x00000006c2e96020) thrown at [C:\workspace\8-2-build-windows-amd64-cygwin\jdk8u65\4987\hotspot\src\share\vm\prims\jni.cpp, line 709]

Events (10 events):
Event: 5.341 loading class imgui/type/ImInt
Event: 5.341 loading class imgui/type/ImInt done
Event: 5.358 loading class org/lwjgl/opengl/GL32C
Event: 5.358 loading class org/lwjgl/opengl/GL32C done
Event: 5.359 loading class org/lwjgl/opengl/GL31C
Event: 5.359 loading class org/lwjgl/opengl/GL31C done
Event: 6.962 loading class jade/ImGuiLayer
Event: 6.962 loading class jade/ImGuiLayer done
Event: 7.035 loading class imgui/glfw/ImGuiImplGlfw$ImGuiViewportDataGlfw
Event: 7.035 loading class imgui/glfw/ImGuiImplGlfw$ImGuiViewportDataGlfw done


Dynamic libraries:
0x00007ff776e70000 - 0x00007ff776ea7000 	C:\Program Files\Java\jdk1.8.0_65\bin\java.exe
0x00007fff33d30000 - 0x00007fff33f28000 	C:\WINDOWS\SYSTEM32\ntdll.dll
0x00007fff32480000 - 0x00007fff3253d000 	C:\WINDOWS\System32\KERNEL32.DLL
0x00007fff31ac0000 - 0x00007fff31d8e000 	C:\WINDOWS\System32\KERNELBASE.dll
0x00007fff33020000 - 0x00007fff330ce000 	C:\WINDOWS\System32\ADVAPI32.dll
0x00007fff31d90000 - 0x00007fff31e2e000 	C:\WINDOWS\System32\msvcrt.dll
0x00007fff32ee0000 - 0x00007fff32f7c000 	C:\WINDOWS\System32\sechost.dll
0x00007fff31f10000 - 0x00007fff32035000 	C:\WINDOWS\System32\RPCRT4.dll
0x00007fff322e0000 - 0x00007fff32480000 	C:\WINDOWS\System32\USER32.dll
0x00007fff31740000 - 0x00007fff31762000 	C:\WINDOWS\System32\win32u.dll
0x00007fff32a30000 - 0x00007fff32a5a000 	C:\WINDOWS\System32\GDI32.dll
0x00007fff31550000 - 0x00007fff3165b000 	C:\WINDOWS\System32\gdi32full.dll
0x00007fff319f0000 - 0x00007fff31a8d000 	C:\WINDOWS\System32\msvcp_win.dll
0x00007fff31450000 - 0x00007fff31550000 	C:\WINDOWS\System32\ucrtbase.dll
0x00007fff230d0000 - 0x00007fff2336a000 	C:\WINDOWS\WinSxS\amd64_microsoft.windows.common-controls_6595b64144ccf1df_6.0.19041.1110_none_60b5254171f9507e\COMCTL32.dll
0x00007fff31e30000 - 0x00007fff31e60000 	C:\WINDOWS\System32\IMM32.DLL
0x000000006aaf0000 - 0x000000006abc2000 	C:\Program Files\Java\jdk1.8.0_65\jre\bin\msvcr100.dll
0x000000006abd0000 - 0x000000006b459000 	C:\Program Files\Java\jdk1.8.0_65\jre\bin\server\jvm.dll
0x00007fff32570000 - 0x00007fff32578000 	C:\WINDOWS\System32\PSAPI.DLL
0x00007fff19110000 - 0x00007fff19119000 	C:\WINDOWS\SYSTEM32\WSOCK32.dll
0x00007fff2aa30000 - 0x00007fff2aa3a000 	C:\WINDOWS\SYSTEM32\VERSION.dll
0x00007fff25200000 - 0x00007fff25227000 	C:\WINDOWS\SYSTEM32\WINMM.dll
0x00007fff32940000 - 0x00007fff329ab000 	C:\WINDOWS\System32\WS2_32.dll
0x000000006d2c0000 - 0x000000006d2cf000 	C:\Program Files\Java\jdk1.8.0_65\jre\bin\verify.dll
0x000000006aa80000 - 0x000000006aaa9000 	C:\Program Files\Java\jdk1.8.0_65\jre\bin\java.dll
0x000000006cda0000 - 0x000000006cdb6000 	C:\Program Files\Java\jdk1.8.0_65\jre\bin\zip.dll
0x00007fff33130000 - 0x00007fff33874000 	C:\WINDOWS\System32\SHELL32.dll
0x00007fff2f530000 - 0x00007fff2fcc4000 	C:\WINDOWS\SYSTEM32\windows.storage.dll
0x00007fff32580000 - 0x00007fff328d4000 	C:\WINDOWS\System32\combase.dll
0x00007fff30eb0000 - 0x00007fff30ee0000 	C:\WINDOWS\SYSTEM32\Wldp.dll
0x00007fff32040000 - 0x00007fff320ed000 	C:\WINDOWS\System32\SHCORE.dll
0x00007fff32c70000 - 0x00007fff32cc5000 	C:\WINDOWS\System32\shlwapi.dll
0x00007fff31390000 - 0x00007fff313af000 	C:\WINDOWS\SYSTEM32\profapi.dll
0x000000006aa60000 - 0x000000006aa7a000 	C:\Program Files\Java\jdk1.8.0_65\jre\bin\net.dll
0x00007fff30c10000 - 0x00007fff30c7a000 	C:\WINDOWS\system32\mswsock.dll
0x000000006aa40000 - 0x000000006aa51000 	C:\Program Files\Java\jdk1.8.0_65\jre\bin\nio.dll
0x00007ffee9cc0000 - 0x00007ffee9d24000 	C:\Users\ZIVBD\AppData\Local\Temp\lwjglZIVBD\3.2.3-build-13\lwjgl.dll
0x00007ffedfe30000 - 0x00007ffedfe92000 	C:\Users\ZIVBD\AppData\Local\Temp\lwjglZIVBD\3.2.3-build-13\glfw.dll
0x00007fff2ead0000 - 0x00007fff2eb6e000 	C:\WINDOWS\system32\uxtheme.dll
0x00007ffeea0e0000 - 0x00007ffeea125000 	C:\WINDOWS\SYSTEM32\dinput8.dll
0x00007ffef07d0000 - 0x00007ffef07e1000 	C:\WINDOWS\SYSTEM32\xinput1_4.dll
0x00007fff31660000 - 0x00007fff316ae000 	C:\WINDOWS\System32\cfgmgr32.dll
0x00007fff31200000 - 0x00007fff3122c000 	C:\WINDOWS\SYSTEM32\DEVOBJ.dll
0x00007fff2edd0000 - 0x00007fff2edff000 	C:\WINDOWS\SYSTEM32\dwmapi.dll
0x00007fff08590000 - 0x00007fff086e2000 	C:\WINDOWS\SYSTEM32\inputhost.dll
0x00007fff320f0000 - 0x00007fff321bd000 	C:\WINDOWS\System32\OLEAUT32.dll
0x00007fff2dbb0000 - 0x00007fff2dd04000 	C:\WINDOWS\SYSTEM32\wintypes.dll
0x00007fff2e700000 - 0x00007fff2e7f2000 	C:\WINDOWS\SYSTEM32\CoreMessaging.dll
0x00007fff2cc60000 - 0x00007fff2cd56000 	C:\WINDOWS\SYSTEM32\PROPSYS.dll
0x00007fff2e3a0000 - 0x00007fff2e6fe000 	C:\WINDOWS\SYSTEM32\CoreUIComponents.dll
0x00007fff316b0000 - 0x00007fff31732000 	C:\WINDOWS\System32\bcryptPrimitives.dll
0x00007fff30140000 - 0x00007fff30173000 	C:\WINDOWS\SYSTEM32\ntmarta.dll
0x00007fff2fd00000 - 0x00007fff2fd12000 	C:\WINDOWS\SYSTEM32\kernel.appcore.dll
0x00007fff321c0000 - 0x00007fff322d5000 	C:\WINDOWS\System32\MSCTF.dll
0x00007fff30180000 - 0x00007fff3018d000 	C:\WINDOWS\SYSTEM32\HID.DLL
0x00007fff33880000 - 0x00007fff33cef000 	C:\WINDOWS\System32\SETUPAPI.DLL
0x00007fff31a90000 - 0x00007fff31ab7000 	C:\WINDOWS\System32\bcrypt.dll
0x00007fff31770000 - 0x00007fff317d8000 	C:\WINDOWS\System32\WINTRUST.dll
0x00007fff31890000 - 0x00007fff319e6000 	C:\WINDOWS\System32\CRYPT32.dll
0x00007fff31040000 - 0x00007fff31052000 	C:\WINDOWS\SYSTEM32\MSASN1.dll
0x00007ffee6e30000 - 0x00007ffee6f57000 	C:\WINDOWS\SYSTEM32\opengl32.dll
0x00007fff0fd20000 - 0x00007fff0fd4c000 	C:\WINDOWS\SYSTEM32\GLU32.dll
0x00007fff31e60000 - 0x00007fff31f09000 	C:\WINDOWS\System32\clbcatq.dll
0x00007ffeafe80000 - 0x00007ffeb2ea8000 	C:\WINDOWS\System32\DriverStore\FileRepository\nvhdc.inf_amd64_f00dd7aaa84657e3\nvoglv64.dll
0x00007fff32db0000 - 0x00007fff32eda000 	C:\WINDOWS\System32\ole32.dll
0x00007fff2cdc0000 - 0x00007fff2cdd4000 	C:\WINDOWS\SYSTEM32\WTSAPI32.dll
0x00007fff30e20000 - 0x00007fff30e2c000 	C:\WINDOWS\SYSTEM32\CRYPTBASE.DLL
0x00007fff26370000 - 0x00007fff263a1000 	C:\WINDOWS\SYSTEM32\cryptnet.dll
0x00007fff26220000 - 0x00007fff26368000 	C:\WINDOWS\SYSTEM32\drvstore.dll
0x00007fff28310000 - 0x00007fff2834b000 	C:\WINDOWS\SYSTEM32\dxcore.dll
0x00007ffef1ba0000 - 0x00007ffef1e52000 	C:\WINDOWS\system32\nvspcap64.dll
0x00007fff309d0000 - 0x00007fff30a1b000 	C:\WINDOWS\SYSTEM32\powrprof.dll
0x00007fff30890000 - 0x00007fff308a2000 	C:\WINDOWS\SYSTEM32\UMPDC.dll
0x00007fff301c0000 - 0x00007fff3021a000 	C:\WINDOWS\SYSTEM32\WINSTA.dll
0x00007fff11c10000 - 0x00007fff11d09000 	C:\WINDOWS\SYSTEM32\textinputframework.dll
0x00007ffec59a0000 - 0x00007ffec59f9000 	C:\Users\ZIVBD\AppData\Local\Temp\lwjglZIVBD\3.2.3-build-13\lwjgl_opengl.dll
0x00007ffeba120000 - 0x00007ffeba197000 	C:\Users\ZIVBD\AppData\Local\Temp\lwjglZIVBD\3.2.3-build-13\lwjgl_stb.dll
0x0000000064a00000 - 0x0000000064d10000 	C:\Users\ZIVBD\AppData\Local\Temp\imgui-java-natives_1660331395641\imgui-java64.dll
0x00007fff30e00000 - 0x00007fff30e18000 	C:\WINDOWS\SYSTEM32\CRYPTSP.dll
0x00007fff30520000 - 0x00007fff30554000 	C:\WINDOWS\system32\rsaenh.dll
0x00007fff2f230000 - 0x00007fff2f414000 	C:\WINDOWS\SYSTEM32\dbghelp.dll

VM Arguments:
jvm_args: -Dfile.encoding=UTF-8 
java_command: Mainx.main
java_class_path (initial): C:\Program Files\NetBeans 8.0.2\java\modules\ext\AbsoluteLayout.jar;C:\Users\ZIVBD\eqee Dropbox\ziv bendavid\PC\Downloads\jbox2d-jbox2d-2.2.1.1\jbox2d-library;C:\Users\ZIVBD\eqee Dropbox\ziv bendavid\PC\Downloads\JBox2D-Support-master\JBox2D-Support-master\jbox2d-library-2.3.0-SNAPSHOT;C:\Users\ZIVBD\eqee Dropbox\ziv bendavid\PC\Downloads\joml-1.10.4.jar;C:\Users\ZIVBD\OneDrive\שולחן העבודה\jade;C:\Users\ZIVBD\OneDrive\שולחן העבודה\jade.jar;C:\Users\ZIVBD\eqee Dropbox\ziv bendavid\PC\Downloads\junit-4.13.2.jar;C:\Users\ZIVBD\eqee Dropbox\ziv bendavid\PC\Downloads\JavaHamcrest-2.2.zip;C:\Users\ZIVBD\eqee Dropbox\ziv bendavid\PC\Downloads\hamcrest-all-1.3.jar;C:\Users\ZIVBD\OneDrive\שולחן העבודה\joml-1.10.4-javadoc.jar;C:\Users\ZIVBD\OneDrive\שולחן העבודה\joml-1.10.4-sources.jar;C:\Users\ZIVBD\OneDrive\שולחן העבודה\joml-1.10.4.jar;C:\Users\ZIVBD\OneDrive\שולחן העבודה\lwjgl-assimp-javadoc.jar;C:\Users\ZIVBD\OneDrive\שולחן העבודה\lwjgl-assimp-natives-windows.jar;C:\Users\ZIVBD\OneDrive\שולחן העבודה\lwjgl-assimp-sources.jar;C:\Users\ZIVBD\OneDrive\שולחן העבודה\lwjgl-assimp.jar;C:\Users\ZIVBD\OneDrive\שולחן העבודה\lwjgl-glfw-javadoc.jar;C:\Users\ZIVBD\OneDrive\שולחן העבודה\lwjgl-glfw-natives-windows.jar;C:\Users\ZIVBD\OneDrive\שולחן העבודה\lwjgl-glfw-sources.jar;C:\Users\ZIVBD\OneDrive\שולחן העבודה\lwjgl-glfw.jar;C:\Users\ZIVBD\OneDrive\שולחן העבודה\lwjgl-javadoc.jar;C:\Users\ZIVBD\OneDrive\שולחן העבודה\lwjgl-natives-windows.jar;C:\Users\ZIVBD\OneDrive\שולחן העבודה\lwjgl-openal-javadoc.jar;C:\Users\ZIVBD\OneDrive\שולחן העבודה\lwjgl-openal-natives-windows.jar;C:\Users\ZIVBD\OneDrive\שולחן העבודה\lwjgl-openal-sources.jar;C:\Users\ZIVBD\OneDrive\שולחן העבודה\lwjgl-openal.jar;C:\Users\ZIVBD\OneDrive\שולחן העבודה\lwjgl-opengl-javadoc.jar;C:\Users\ZIVBD\OneDrive\שולחן העבודה\lwjgl-opengl-natives-windows.jar;C:\Users\ZIVBD\OneDrive\שולחן העבודה\lwjgl-opengl-sources.jar;C:\Users\ZIVBD\OneDrive\שולחן העבודה\lwjgl-opengl.jar;C:\Users\ZIVBD\OneDrive\שולח
Launcher Type: SUN_STANDARD

Environment Variables:
PATH=C:\Program Files\Oculus\Support\oculus-runtime;C:\Program Files (x86)\Common Files\Intel\Shared Libraries\redist\intel64\compiler;C:\Program Files (x86)\Common Files\Oracle\Java\javapath;C:\ProgramData\Oracle\Java\javapath;C:\windows\system32;C:\windows;C:\windows\System32\Wbem;C:\windows\System32\WindowsPowerShell\v1.0\;C:\windows\System32\OpenSSH\;C:\Program Files (x86)\NVIDIA Corporation\PhysX\Common;C:\Program Files\NVIDIA Corporation\NVIDIA NvDLISR;C:\WINDOWS\system32;C:\WINDOWS;C:\WINDOWS\System32\Wbem;C:\WINDOWS\System32\WindowsPowerShell\v1.0\;C:\WINDOWS\System32\OpenSSH\;C:\Program Files\dotnet\;C:\Users\ZIVBD\AppData\Local\Microsoft\WindowsApps;;C:\Users\ZIVBD\AppData\Local\Programs\Microsoft VS Code\bin
USERNAME=ZIVBD
OS=Windows_NT
PROCESSOR_IDENTIFIER=Intel64 Family 6 Model 158 Stepping 13, GenuineIntel



---------------  S Y S T E M  ---------------

OS: Windows 10.0 , 64 bit Build 19041 (10.0.19041.1889)

CPU:total 8 (8 cores per cpu, 1 threads per core) family 6 model 158 stepping 13, cmov, cx8, fxsr, mmx, sse, sse2, sse3, ssse3, sse4.1, sse4.2, popcnt, avx, avx2, aes, clmul, erms, 3dnowpref, lzcnt, tsc, tscinvbit, bmi1, bmi2, adx

Memory: 4k page, physical 50182968k(41481168k free), swap 57523000k(44869532k free)

vm_info: Java HotSpot(TM) 64-Bit Server VM (25.65-b01) for windows-amd64 JRE (1.8.0_65-b17), built on Oct  6 2015 16:39:20 by "java_re" with MS VC++ 10.0 (VS2010)

time: Fri Aug 12 22:09:57 2022
elapsed time: 7 seconds (0d 0h 0m 7s)

