#
# A fatal error has been detected by the Java Runtime Environment:
#
#  EXCEPTION_ACCESS_VIOLATION (0xc0000005) at pc=0x0000000064a60e8b, pid=26592, tid=27532
#
# JRE version: Java(TM) SE Runtime Environment (8.0_65-b17) (build 1.8.0_65-b17)
# Java VM: Java HotSpot(TM) 64-Bit Server VM (25.65-b01 mixed mode windows-amd64 compressed oops)
# Problematic frame:
# C  [imgui-java64.dll+0x60e8b]
#
# Failed to write core dump. Minidumps are not enabled by default on client versions of Windows
#
# If you would like to submit a bug report, please visit:
#   http://bugreport.java.com/bugreport/crash.jsp
# The crash happened outside the Java Virtual Machine in native code.
# See problematic frame for where to report the bug.
#

---------------  T H R E A D  ---------------

Current thread (0x00000000028ee800):  JavaThread "main" [_thread_in_native, id=27532, stack(0x0000000002780000,0x0000000002880000)]

siginfo: ExceptionCode=0xc0000005, reading address 0x0000000032f7048c

Registers:
RAX=0x0000000032f703c8, RBX=0x0000000032f703c8, RCX=0x00000000028ee9f8, RDX=0x000000000287f348
RSP=0x000000000287f270, RBP=0x000000000287f320, RSI=0x0000000038b959b8, RDI=0x0000000000000128
R8 =0x0000000000000042, R9 =0x00000006c292cc88, R10=0x0000000000000010, R11=0x000000006b3d1258
R12=0x00000000028ee9f8, R13=0x000000000287f348, R14=0x000000000287f348, R15=0x00000000028ee800
RIP=0x0000000064a60e8b, EFLAGS=0x0000000000010246

Top of Stack: (sp=0x000000000287f270)
0x000000000287f270:   000000000287f2c0 000000002e9bf3d8
0x000000000287f280:   0000000000000000 000000002e9b69f8
0x000000000287f290:   0000000038b288a8 0000000000000000
0x000000000287f2a0:   0000000038b288a8 0000000002a05e34
0x000000000287f2b0:   00000000029f7ced 0000000000010000
0x000000000287f2c0:   00000006c1ac1008 000000000287f2c8
0x000000000287f2d0:   000000002ea99904 000000000287f348
0x000000000287f2e0:   000000000287f2e0 0000000000000000
0x000000000287f2f0:   000000000287f348 0000000038b28e28
0x000000000287f300:   0000000000000000 0000000038b288a8
0x000000000287f310:   0000000000000000 000000000287f340
0x000000000287f320:   000000000287f390 00000000029f7ced
0x000000000287f330:   0000000000000000 00000000029ff978
0x000000000287f340:   0000000000000000 00000006c292cc88
0x000000000287f350:   000000000287f350 000000002e96bdb2
0x000000000287f360:   000000000287f418 000000002e975b90 

Instructions: (pc=0x0000000064a60e8b)
0x0000000064a60e6b:   cc 49 89 d5 e8 ec 59 08 00 4d 8b 0c 24 4c 89 ea
0x0000000064a60e7b:   4c 89 e1 49 89 c0 41 ff 91 28 03 00 00 48 89 c3
0x0000000064a60e8b:   8b 80 c4 00 00 00 85 c0 79 4a 31 c9 e8 64 0c fb
0x0000000064a60e9b:   ff 48 8b 93 c8 00 00 00 49 89 c4 48 85 d2 74 23 


Register to memory mapping:

RAX=0x0000000032f703c8 is an unknown value
RBX=0x0000000032f703c8 is an unknown value
RCX=0x00000000028ee9f8 is an unknown value
RDX=0x000000000287f348 is pointing into the stack for thread: 0x00000000028ee800
RSP=0x000000000287f270 is pointing into the stack for thread: 0x00000000028ee800
RBP=0x000000000287f320 is pointing into the stack for thread: 0x00000000028ee800
RSI=0x0000000038b959b8 is pointing into metadata
RDI=0x0000000000000128 is an unknown value
R8 =0x0000000000000042 is an unknown value
R9 =0x00000006c292cc88 is an oop
imgui.ImGuiPlatformIO 
 - klass: 'imgui/ImGuiPlatformIO'
R10=0x0000000000000010 is an unknown value
R11=0x000000006b3d1258 is an unknown value
R12=0x00000000028ee9f8 is an unknown value
R13=0x000000000287f348 is pointing into the stack for thread: 0x00000000028ee800
R14=0x000000000287f348 is pointing into the stack for thread: 0x00000000028ee800
R15=0x00000000028ee800 is a thread


Stack: [0x0000000002780000,0x0000000002880000],  sp=0x000000000287f270,  free space=1020k
Native frames: (J=compiled Java code, j=interpreted, Vv=VM code, C=native code)
C  [imgui-java64.dll+0x60e8b]
C  0x0000000002a05e34

Java frames: (J=compiled Java code, j=interpreted, Vv=VM code)
j  imgui.ImGuiPlatformIO.resizeMonitors(I)V+0
j  imgui.glfw.ImGuiImplGlfw.updateMonitors()V+10
j  imgui.glfw.ImGuiImplGlfw.init(JZ)Z+422
j  jade.Window.init2()V+17
j  Mainx.main.main([Ljava/lang/String;)V+15
v  ~StubRoutines::call_stub

---------------  P R O C E S S  ---------------

Java Threads: ( => current thread )
  0x0000000031165000 JavaThread "Service Thread" daemon [_thread_blocked, id=23408, stack(0x0000000031a50000,0x0000000031b50000)]
  0x00000000310d4800 JavaThread "C1 CompilerThread3" daemon [_thread_blocked, id=24376, stack(0x0000000031950000,0x0000000031a50000)]
  0x0000000031088800 JavaThread "C2 CompilerThread2" daemon [_thread_blocked, id=20900, stack(0x0000000031850000,0x0000000031950000)]
  0x0000000031084800 JavaThread "C2 CompilerThread1" daemon [_thread_blocked, id=23620, stack(0x0000000031750000,0x0000000031850000)]
  0x0000000031080800 JavaThread "C2 CompilerThread0" daemon [_thread_blocked, id=6924, stack(0x0000000031650000,0x0000000031750000)]
  0x000000003107f800 JavaThread "Attach Listener" daemon [_thread_blocked, id=24780, stack(0x0000000031550000,0x0000000031650000)]
  0x00000000310cc800 JavaThread "Signal Dispatcher" daemon [_thread_blocked, id=21632, stack(0x0000000031450000,0x0000000031550000)]
  0x00000000029ea800 JavaThread "Finalizer" daemon [_thread_blocked, id=24688, stack(0x0000000030e50000,0x0000000030f50000)]
  0x000000002ef4d800 JavaThread "Reference Handler" daemon [_thread_blocked, id=7704, stack(0x0000000030d50000,0x0000000030e50000)]
=>0x00000000028ee800 JavaThread "main" [_thread_in_native, id=27532, stack(0x0000000002780000,0x0000000002880000)]

Other Threads:
  0x000000002ef47800 VMThread [stack: 0x0000000030c50000,0x0000000030d50000] [id=13532]
  0x00000000311bd800 WatcherThread [stack: 0x0000000031b50000,0x0000000031c50000] [id=22280]

VM state:not at safepoint (normal execution)

VM Mutex/Monitor currently owned by a thread: None

Heap:
 PSYoungGen      total 228864K, used 35450K [0x00000006c0c00000, 0x00000006d0b00000, 0x00000007c0000000)
  eden space 196608K, 18% used [0x00000006c0c00000,0x00000006c2e9ea80,0x00000006ccc00000)
  from space 32256K, 0% used [0x00000006ceb80000,0x00000006ceb80000,0x00000006d0b00000)
  to   space 32256K, 0% used [0x00000006ccc00000,0x00000006ccc00000,0x00000006ceb80000)
 ParOldGen       total 523264K, used 0K [0x00000004c2400000, 0x00000004e2300000, 0x00000006c0c00000)
  object space 523264K, 0% used [0x00000004c2400000,0x00000004c2400000,0x00000004e2300000)
 Metaspace       used 10236K, capacity 10465K, committed 10752K, reserved 1058816K
  class space    used 819K, capacity 916K, committed 1024K, reserved 1048576K

Card table byte_map: [0x0000000011db0000,0x00000000135a0000] byte_map_base: 0x000000000f79e000

Marking Bits: (ParMarkBitMap*) 0x000000006b3da5b0
 Begin Bits: [0x0000000014da0000, 0x0000000020d10000)
 End Bits:   [0x0000000020d10000, 0x000000002cc80000)

Polling page: 0x0000000000f20000

CodeCache: size=245760Kb used=3563Kb max_used=3575Kb free=242196Kb
 bounds [0x00000000029f0000, 0x0000000002d70000, 0x00000000119f0000]
 total_blobs=1993 nmethods=908 adapters=998
 compilation: enabled

Compilation events (10 events):
Event: 11.358 Thread 0x00000000310d4800  904       3       org.lwjgl.opengl.GLCapabilities::checkExtension (37 bytes)
Event: 11.358 Thread 0x00000000310d4800 nmethod 904 0x0000000002d6c510 code [0x0000000002d6c6e0, 0x0000000002d6cc88]
Event: 11.359 Thread 0x00000000310d4800  905       3       org.lwjgl.system.MemoryUtil::memGetAddress (31 bytes)
Event: 11.359 Thread 0x00000000310d4800 nmethod 905 0x0000000002d6c1d0 code [0x0000000002d6c320, 0x0000000002d6c490]
Event: 11.359 Thread 0x00000000310d4800  906       3       org.lwjgl.PointerBuffer::get (22 bytes)
Event: 11.359 Thread 0x0000000031088800  908       4       org.lwjgl.system.Checks::check (17 bytes)
Event: 11.359 Thread 0x00000000310d4800 nmethod 906 0x0000000002d6b950 code [0x0000000002d6bae0, 0x0000000002d6bf68]
Event: 11.359 Thread 0x00000000310d4800  907       3       org.lwjgl.system.CustomBuffer::remaining (10 bytes)
Event: 11.359 Thread 0x00000000310d4800 nmethod 907 0x0000000002d6b610 code [0x0000000002d6b760, 0x0000000002d6b8b0]
Event: 11.359 Thread 0x0000000031088800 nmethod 908 0x0000000002d6b390 code [0x0000000002d6b4c0, 0x0000000002d6b538]

GC Heap History (0 events):
No events

Deoptimization events (2 events):
Event: 0.108 Thread 0x00000000028ee800 Uncommon trap: reason=unstable_if action=reinterpret pc=0x0000000002b16c88 method=java.lang.String.hashCode()I @ 14
Event: 0.137 Thread 0x00000000028ee800 Uncommon trap: reason=unstable_if action=reinterpret pc=0x0000000002b5d9a8 method=java.lang.String.indexOf([CII[CIII)I @ 134

Internal exceptions (10 events):
Event: 0.213 Thread 0x00000000028ee800 Exception <a 'java/security/PrivilegedActionException'> (0x00000006c19f4ac0) thrown at [C:\workspace\8-2-build-windows-amd64-cygwin\jdk8u65\4987\hotspot\src\share\vm\prims\jvm.cpp, line 1386]
Event: 0.242 Thread 0x00000000028ee800 Exception <a 'sun/nio/fs/WindowsException'> (0x00000006c1a536a8) thrown at [C:\workspace\8-2-build-windows-amd64-cygwin\jdk8u65\4987\hotspot\src\share\vm\prims\jni.cpp, line 709]
Event: 0.242 Thread 0x00000000028ee800 Exception <a 'sun/nio/fs/WindowsException'> (0x00000006c1a53f50) thrown at [C:\workspace\8-2-build-windows-amd64-cygwin\jdk8u65\4987\hotspot\src\share\vm\prims\jni.cpp, line 709]
Event: 0.274 Thread 0x00000000028ee800 Exception <a 'sun/nio/fs/WindowsException'> (0x00000006c1bb9130) thrown at [C:\workspace\8-2-build-windows-amd64-cygwin\jdk8u65\4987\hotspot\src\share\vm\prims\jni.cpp, line 709]
Event: 0.274 Thread 0x00000000028ee800 Exception <a 'sun/nio/fs/WindowsException'> (0x00000006c1bb9810) thrown at [C:\workspace\8-2-build-windows-amd64-cygwin\jdk8u65\4987\hotspot\src\share\vm\prims\jni.cpp, line 709]
Event: 0.579 Thread 0x00000000028ee800 Exception <a 'sun/nio/fs/WindowsException'> (0x00000006c1c8fdf8) thrown at [C:\workspace\8-2-build-windows-amd64-cygwin\jdk8u65\4987\hotspot\src\share\vm\prims\jni.cpp, line 709]
Event: 0.579 Thread 0x00000000028ee800 Exception <a 'sun/nio/fs/WindowsException'> (0x00000006c1c90538) thrown at [C:\workspace\8-2-build-windows-amd64-cygwin\jdk8u65\4987\hotspot\src\share\vm\prims\jni.cpp, line 709]
Event: 0.582 Thread 0x00000000028ee800 Exception <a 'sun/nio/fs/WindowsException'> (0x00000006c1ca38c8) thrown at [C:\workspace\8-2-build-windows-amd64-cygwin\jdk8u65\4987\hotspot\src\share\vm\prims\jni.cpp, line 709]
Event: 0.582 Thread 0x00000000028ee800 Exception <a 'sun/nio/fs/WindowsException'> (0x00000006c1ca3ec0) thrown at [C:\workspace\8-2-build-windows-amd64-cygwin\jdk8u65\4987\hotspot\src\share\vm\prims\jni.cpp, line 709]
Event: 0.955 Thread 0x00000000028ee800 Exception <a 'sun/nio/fs/WindowsException'> (0x00000006c284fcd0) thrown at [C:\workspace\8-2-build-windows-amd64-cygwin\jdk8u65\4987\hotspot\src\share\vm\prims\jni.cpp, line 709]

Events (10 events):
Event: 1.057 loading class org/lwjgl/opengl/GL21C
Event: 1.057 loading class org/lwjgl/opengl/GL21C done
Event: 1.082 loading class org/lwjgl/opengl/GL32C
Event: 1.082 loading class org/lwjgl/opengl/GL32C done
Event: 1.086 loading class org/lwjgl/opengl/GL31C
Event: 1.086 loading class org/lwjgl/opengl/GL31C done
Event: 4.147 Executing VM operation: EnableBiasedLocking
Event: 4.147 Executing VM operation: EnableBiasedLocking done
Event: 11.198 loading class org/lwjgl/glfw/Callbacks
Event: 11.198 loading class org/lwjgl/glfw/Callbacks done


Dynamic libraries:
0x00007ff776e70000 - 0x00007ff776ea7000 	C:\Program Files\Java\jdk1.8.0_65\bin\java.exe
0x00007fff33d30000 - 0x00007fff33f28000 	C:\WINDOWS\SYSTEM32\ntdll.dll
0x00007fff32480000 - 0x00007fff3253d000 	C:\WINDOWS\System32\KERNEL32.DLL
0x00007fff31ac0000 - 0x00007fff31d8e000 	C:\WINDOWS\System32\KERNELBASE.dll
0x00007fff33020000 - 0x00007fff330ce000 	C:\WINDOWS\System32\ADVAPI32.dll
0x00007fff31d90000 - 0x00007fff31e2e000 	C:\WINDOWS\System32\msvcrt.dll
0x00007fff32ee0000 - 0x00007fff32f7c000 	C:\WINDOWS\System32\sechost.dll
0x00007fff31f10000 - 0x00007fff32035000 	C:\WINDOWS\System32\RPCRT4.dll
0x00007fff322e0000 - 0x00007fff32480000 	C:\WINDOWS\System32\USER32.dll
0x00007fff31740000 - 0x00007fff31762000 	C:\WINDOWS\System32\win32u.dll
0x00007fff32a30000 - 0x00007fff32a5a000 	C:\WINDOWS\System32\GDI32.dll
0x00007fff31550000 - 0x00007fff3165b000 	C:\WINDOWS\System32\gdi32full.dll
0x00007fff319f0000 - 0x00007fff31a8d000 	C:\WINDOWS\System32\msvcp_win.dll
0x00007fff31450000 - 0x00007fff31550000 	C:\WINDOWS\System32\ucrtbase.dll
0x00007fff230d0000 - 0x00007fff2336a000 	C:\WINDOWS\WinSxS\amd64_microsoft.windows.common-controls_6595b64144ccf1df_6.0.19041.1110_none_60b5254171f9507e\COMCTL32.dll
0x00007fff31e30000 - 0x00007fff31e60000 	C:\WINDOWS\System32\IMM32.DLL
0x000000006aaf0000 - 0x000000006abc2000 	C:\Program Files\Java\jdk1.8.0_65\jre\bin\msvcr100.dll
0x000000006abd0000 - 0x000000006b459000 	C:\Program Files\Java\jdk1.8.0_65\jre\bin\server\jvm.dll
0x00007fff32570000 - 0x00007fff32578000 	C:\WINDOWS\System32\PSAPI.DLL
0x00007fff25200000 - 0x00007fff25227000 	C:\WINDOWS\SYSTEM32\WINMM.dll
0x00007fff2aa30000 - 0x00007fff2aa3a000 	C:\WINDOWS\SYSTEM32\VERSION.dll
0x00007fff19110000 - 0x00007fff19119000 	C:\WINDOWS\SYSTEM32\WSOCK32.dll
0x00007fff32940000 - 0x00007fff329ab000 	C:\WINDOWS\System32\WS2_32.dll
0x000000006d2c0000 - 0x000000006d2cf000 	C:\Program Files\Java\jdk1.8.0_65\jre\bin\verify.dll
0x000000006aa80000 - 0x000000006aaa9000 	C:\Program Files\Java\jdk1.8.0_65\jre\bin\java.dll
0x000000006cda0000 - 0x000000006cdb6000 	C:\Program Files\Java\jdk1.8.0_65\jre\bin\zip.dll
0x00007fff33130000 - 0x00007fff33874000 	C:\WINDOWS\System32\SHELL32.dll
0x00007fff2f530000 - 0x00007fff2fcc4000 	C:\WINDOWS\SYSTEM32\windows.storage.dll
0x00007fff32580000 - 0x00007fff328d4000 	C:\WINDOWS\System32\combase.dll
0x00007fff30eb0000 - 0x00007fff30ee0000 	C:\WINDOWS\SYSTEM32\Wldp.dll
0x00007fff32040000 - 0x00007fff320ed000 	C:\WINDOWS\System32\SHCORE.dll
0x00007fff32c70000 - 0x00007fff32cc5000 	C:\WINDOWS\System32\shlwapi.dll
0x00007fff31390000 - 0x00007fff313af000 	C:\WINDOWS\SYSTEM32\profapi.dll
0x000000006aa60000 - 0x000000006aa7a000 	C:\Program Files\Java\jdk1.8.0_65\jre\bin\net.dll
0x00007fff30c10000 - 0x00007fff30c7a000 	C:\WINDOWS\system32\mswsock.dll
0x000000006aa40000 - 0x000000006aa51000 	C:\Program Files\Java\jdk1.8.0_65\jre\bin\nio.dll
0x00007fff07670000 - 0x00007fff076d4000 	C:\Users\ZIVBD\AppData\Local\Temp\lwjglZIVBD\3.2.3-build-13\lwjgl.dll
0x00007fff069e0000 - 0x00007fff06a42000 	C:\Users\ZIVBD\AppData\Local\Temp\lwjglZIVBD\3.2.3-build-13\glfw.dll
0x00007fff2ead0000 - 0x00007fff2eb6e000 	C:\WINDOWS\system32\uxtheme.dll
0x00007ffec8d00000 - 0x00007ffec8d45000 	C:\WINDOWS\SYSTEM32\dinput8.dll
0x00007ffef07d0000 - 0x00007ffef07e1000 	C:\WINDOWS\SYSTEM32\xinput1_4.dll
0x00007fff31660000 - 0x00007fff316ae000 	C:\WINDOWS\System32\cfgmgr32.dll
0x00007fff31200000 - 0x00007fff3122c000 	C:\WINDOWS\SYSTEM32\DEVOBJ.dll
0x00007fff2edd0000 - 0x00007fff2edff000 	C:\WINDOWS\SYSTEM32\dwmapi.dll
0x00007fff08590000 - 0x00007fff086e2000 	C:\WINDOWS\SYSTEM32\inputhost.dll
0x00007fff320f0000 - 0x00007fff321bd000 	C:\WINDOWS\System32\OLEAUT32.dll
0x00007fff2dbb0000 - 0x00007fff2dd04000 	C:\WINDOWS\SYSTEM32\wintypes.dll
0x00007fff2e700000 - 0x00007fff2e7f2000 	C:\WINDOWS\SYSTEM32\CoreMessaging.dll
0x00007fff2e3a0000 - 0x00007fff2e6fe000 	C:\WINDOWS\SYSTEM32\CoreUIComponents.dll
0x00007fff316b0000 - 0x00007fff31732000 	C:\WINDOWS\System32\bcryptPrimitives.dll
0x00007fff30140000 - 0x00007fff30173000 	C:\WINDOWS\SYSTEM32\ntmarta.dll
0x00007fff2fd00000 - 0x00007fff2fd12000 	C:\WINDOWS\SYSTEM32\kernel.appcore.dll
0x00007fff2cc60000 - 0x00007fff2cd56000 	C:\WINDOWS\SYSTEM32\PROPSYS.dll
0x00007fff321c0000 - 0x00007fff322d5000 	C:\WINDOWS\System32\MSCTF.dll
0x00007fff30180000 - 0x00007fff3018d000 	C:\WINDOWS\SYSTEM32\HID.DLL
0x00007fff33880000 - 0x00007fff33cef000 	C:\WINDOWS\System32\SETUPAPI.DLL
0x00007fff31a90000 - 0x00007fff31ab7000 	C:\WINDOWS\System32\bcrypt.dll
0x00007fff31770000 - 0x00007fff317d8000 	C:\WINDOWS\System32\WINTRUST.dll
0x00007fff31890000 - 0x00007fff319e6000 	C:\WINDOWS\System32\CRYPT32.dll
0x00007fff31040000 - 0x00007fff31052000 	C:\WINDOWS\SYSTEM32\MSASN1.dll
0x00007ffee6e30000 - 0x00007ffee6f57000 	C:\WINDOWS\SYSTEM32\opengl32.dll
0x00007fff0fd20000 - 0x00007fff0fd4c000 	C:\WINDOWS\SYSTEM32\GLU32.dll
0x00007fff31e60000 - 0x00007fff31f09000 	C:\WINDOWS\System32\clbcatq.dll
0x00007ffe88e00000 - 0x00007ffe8be28000 	C:\WINDOWS\System32\DriverStore\FileRepository\nvhdc.inf_amd64_f00dd7aaa84657e3\nvoglv64.dll
0x00007fff32db0000 - 0x00007fff32eda000 	C:\WINDOWS\System32\ole32.dll
0x00007fff2cdc0000 - 0x00007fff2cdd4000 	C:\WINDOWS\SYSTEM32\WTSAPI32.dll
0x00007fff30e20000 - 0x00007fff30e2c000 	C:\WINDOWS\SYSTEM32\CRYPTBASE.DLL
0x00007fff26370000 - 0x00007fff263a1000 	C:\WINDOWS\SYSTEM32\cryptnet.dll
0x00007fff26220000 - 0x00007fff26368000 	C:\WINDOWS\SYSTEM32\drvstore.dll
0x00007fff28310000 - 0x00007fff2834b000 	C:\WINDOWS\SYSTEM32\dxcore.dll
0x00007ffef1ba0000 - 0x00007ffef1e52000 	C:\WINDOWS\system32\nvspcap64.dll
0x00007fff309d0000 - 0x00007fff30a1b000 	C:\WINDOWS\SYSTEM32\powrprof.dll
0x00007fff30890000 - 0x00007fff308a2000 	C:\WINDOWS\SYSTEM32\UMPDC.dll
0x00007fff301c0000 - 0x00007fff3021a000 	C:\WINDOWS\SYSTEM32\WINSTA.dll
0x00007fff11c10000 - 0x00007fff11d09000 	C:\WINDOWS\SYSTEM32\textinputframework.dll
0x00007ffef0ad0000 - 0x00007ffef0b29000 	C:\Users\ZIVBD\AppData\Local\Temp\lwjglZIVBD\3.2.3-build-13\lwjgl_opengl.dll
0x0000000064a00000 - 0x0000000064d10000 	C:\Users\ZIVBD\AppData\Local\Temp\imgui-java-natives_1660464155756\imgui-java64.dll
0x00007fff30e00000 - 0x00007fff30e18000 	C:\WINDOWS\SYSTEM32\CRYPTSP.dll
0x00007fff30520000 - 0x00007fff30554000 	C:\WINDOWS\system32\rsaenh.dll
0x00007fff2f230000 - 0x00007fff2f414000 	C:\WINDOWS\SYSTEM32\dbghelp.dll

VM Arguments:
jvm_args: -Dfile.encoding=UTF-8 
java_command: Mainx.main
java_class_path (initial): C:\Program Files\NetBeans 8.0.2\java\modules\ext\AbsoluteLayout.jar;C:\Users\ZIVBD\eqee Dropbox\ziv bendavid\PC\Downloads\jbox2d-jbox2d-2.2.1.1\jbox2d-library;C:\Users\ZIVBD\eqee Dropbox\ziv bendavid\PC\Downloads\JBox2D-Support-master\JBox2D-Support-master\jbox2d-library-2.3.0-SNAPSHOT;C:\Users\ZIVBD\eqee Dropbox\ziv bendavid\PC\Downloads\joml-1.10.4.jar;C:\Users\ZIVBD\OneDrive\שולחן העבודה\jade;C:\Users\ZIVBD\OneDrive\שולחן העבודה\jade.jar;C:\Users\ZIVBD\eqee Dropbox\ziv bendavid\PC\Downloads\junit-4.13.2.jar;C:\Users\ZIVBD\eqee Dropbox\ziv bendavid\PC\Downloads\JavaHamcrest-2.2.zip;C:\Users\ZIVBD\eqee Dropbox\ziv bendavid\PC\Downloads\hamcrest-all-1.3.jar;C:\Users\ZIVBD\OneDrive\שולחן העבודה\joml-1.10.4-javadoc.jar;C:\Users\ZIVBD\OneDrive\שולחן העבודה\joml-1.10.4-sources.jar;C:\Users\ZIVBD\OneDrive\שולחן העבודה\joml-1.10.4.jar;C:\Users\ZIVBD\OneDrive\שולחן העבודה\lwjgl-assimp-javadoc.jar;C:\Users\ZIVBD\OneDrive\שולחן העבודה\lwjgl-assimp-natives-windows.jar;C:\Users\ZIVBD\OneDrive\שולחן העבודה\lwjgl-assimp-sources.jar;C:\Users\ZIVBD\OneDrive\שולחן העבודה\lwjgl-assimp.jar;C:\Users\ZIVBD\OneDrive\שולחן העבודה\lwjgl-glfw-javadoc.jar;C:\Users\ZIVBD\OneDrive\שולחן העבודה\lwjgl-glfw-natives-windows.jar;C:\Users\ZIVBD\OneDrive\שולחן העבודה\lwjgl-glfw-sources.jar;C:\Users\ZIVBD\OneDrive\שולחן העבודה\lwjgl-glfw.jar;C:\Users\ZIVBD\OneDrive\שולחן העבודה\lwjgl-javadoc.jar;C:\Users\ZIVBD\OneDrive\שולחן העבודה\lwjgl-natives-windows.jar;C:\Users\ZIVBD\OneDrive\שולחן העבודה\lwjgl-openal-javadoc.jar;C:\Users\ZIVBD\OneDrive\שולחן העבודה\lwjgl-openal-natives-windows.jar;C:\Users\ZIVBD\OneDrive\שולחן העבודה\lwjgl-openal-sources.jar;C:\Users\ZIVBD\OneDrive\שולחן העבודה\lwjgl-openal.jar;C:\Users\ZIVBD\OneDrive\שולחן העבודה\lwjgl-opengl-javadoc.jar;C:\Users\ZIVBD\OneDrive\שולחן העבודה\lwjgl-opengl-natives-windows.jar;C:\Users\ZIVBD\OneDrive\שולחן העבודה\lwjgl-opengl-sources.jar;C:\Users\ZIVBD\OneDrive\שולחן העבודה\lwjgl-opengl.jar;C:\Users\ZIVBD\OneDrive\שולח
Launcher Type: SUN_STANDARD

Environment Variables:
PATH=C:\Program Files\Oculus\Support\oculus-runtime;C:\Program Files (x86)\Common Files\Intel\Shared Libraries\redist\intel64\compiler;C:\Program Files (x86)\Common Files\Oracle\Java\javapath;C:\ProgramData\Oracle\Java\javapath;C:\windows\system32;C:\windows;C:\windows\System32\Wbem;C:\windows\System32\WindowsPowerShell\v1.0\;C:\windows\System32\OpenSSH\;C:\Program Files (x86)\NVIDIA Corporation\PhysX\Common;C:\Program Files\NVIDIA Corporation\NVIDIA NvDLISR;C:\WINDOWS\system32;C:\WINDOWS;C:\WINDOWS\System32\Wbem;C:\WINDOWS\System32\WindowsPowerShell\v1.0\;C:\WINDOWS\System32\OpenSSH\;C:\Program Files\dotnet\;C:\Users\ZIVBD\AppData\Local\Microsoft\WindowsApps;;C:\Users\ZIVBD\AppData\Local\Programs\Microsoft VS Code\bin
USERNAME=ZIVBD
OS=Windows_NT
PROCESSOR_IDENTIFIER=Intel64 Family 6 Model 158 Stepping 13, GenuineIntel



---------------  S Y S T E M  ---------------

OS: Windows 10.0 , 64 bit Build 19041 (10.0.19041.1889)

CPU:total 8 (8 cores per cpu, 1 threads per core) family 6 model 158 stepping 13, cmov, cx8, fxsr, mmx, sse, sse2, sse3, ssse3, sse4.1, sse4.2, popcnt, avx, avx2, aes, clmul, erms, 3dnowpref, lzcnt, tsc, tscinvbit, bmi1, bmi2, adx

Memory: 4k page, physical 50182968k(38425696k free), swap 57523000k(36844912k free)

vm_info: Java HotSpot(TM) 64-Bit Server VM (25.65-b01) for windows-amd64 JRE (1.8.0_65-b17), built on Oct  6 2015 16:39:20 by "java_re" with MS VC++ 10.0 (VS2010)

time: Sun Aug 14 11:02:46 2022
elapsed time: 11 seconds (0d 0h 0m 11s)

