#
# A fatal error has been detected by the Java Runtime Environment:
#
#  EXCEPTION_ACCESS_VIOLATION (0xc0000005) at pc=0x00007ffc7c618e19, pid=19748, tid=13336
#
# JRE version: Java(TM) SE Runtime Environment (8.0_65-b17) (build 1.8.0_65-b17)
# Java VM: Java HotSpot(TM) 64-Bit Server VM (25.65-b01 mixed mode windows-amd64 compressed oops)
# Problematic frame:
# C  [nvoglv64.dll+0xcb8e19]
#
# Failed to write core dump. Minidumps are not enabled by default on client versions of Windows
#
# If you would like to submit a bug report, please visit:
#   http://bugreport.java.com/bugreport/crash.jsp
# The crash happened outside the Java Virtual Machine in native code.
# See problematic frame for where to report the bug.
#

---------------  T H R E A D  ---------------

Current thread (0x00000000028fe000):  JavaThread "main" [_thread_in_native, id=13336, stack(0x00000000027c0000,0x00000000028c0000)]

siginfo: ExceptionCode=0xc0000005, reading address 0x0000000000000014

Registers:
RAX=0x0000001cbff8c636, RBX=0x0000000000000001, RCX=0x0000000000000000, RDX=0x0000011f7fb7be1f
RSP=0x00000000028bf210, RBP=0x0000000000000006, RSI=0x0000000000000006, RDI=0x0000000000001405
R8 =0x000000000000090f, R9 =0x0000000000000000, R10=0x00000000546c6148, R11=0xfffffffffcd83d6c
R12=0x0000000000000004, R13=0x0000000033985080, R14=0x0000000000000000, R15=0x0000000033985e48
RIP=0x00007ffc7c618e19, EFLAGS=0x0000000000010246

Top of Stack: (sp=0x00000000028bf210)
0x00000000028bf210:   0000000000000001 00000000028bf228
0x00000000028bf220:   00000000028bf2a0 0000000000000000
0x00000000028bf230:   00000000312b2580 0000000000000000
0x00000000028bf240:   0000000000000000 00000000028fe000
0x00000000028bf250:   0000000000000000 00000000028bf428
0x00000000028bf260:   0000000033985e48 0000000000000000
0x00000000028bf270:   00000000028bf300 0000000000000000
0x00000000028bf280:   0000000000000000 0000000000000000
0x00000000028bf290:   00000000028bf428 0000000000001405
0x00000000028bf2a0:   0000000000000004 0000000033985080
0x00000000028bf2b0:   0000000000000006 00000000028bf3e8
0x00000000028bf2c0:   0000000000000000 00007ffc7c277806
0x00000000028bf2d0:   00000000028fdda0 0000000000000004
0x00000000028bf2e0:   0000000000000000 0000000000000000
0x00000000028bf2f0:   0000000000000018 0000000000001405
0x00000000028bf300:   0000000000000000 0000000000000000 

Instructions: (pc=0x00007ffc7c618e19)
0x00007ffc7c618df9:   85 e2 07 00 00 bb 01 00 00 00 49 8d 8d c0 ef 55
0x00007ffc7c618e09:   00 8b d3 e8 1f 46 e7 ff 81 ff 05 14 00 00 75 18
0x00007ffc7c618e19:   41 8b 44 ae fc 4c 8d 65 ff 41 8b 0e 8b f8 3b c8
0x00007ffc7c618e29:   0f 47 f9 0f 42 c1 eb 5b 81 ff 03 14 00 00 75 24 


Register to memory mapping:

RAX=0x0000001cbff8c636 is an unknown value
RBX=0x0000000000000001 is an unknown value
RCX=0x0000000000000000 is an unknown value
RDX=0x0000011f7fb7be1f is an unknown value
RSP=0x00000000028bf210 is pointing into the stack for thread: 0x00000000028fe000
RBP=0x0000000000000006 is an unknown value
RSI=0x0000000000000006 is an unknown value
RDI=0x0000000000001405 is an unknown value
R8 =0x000000000000090f is an unknown value
R9 =0x0000000000000000 is an unknown value
R10=0x00000000546c6148 is an unknown value
R11=0xfffffffffcd83d6c is an unknown value
R12=0x0000000000000004 is an unknown value
R13=0x0000000033985080 is an unknown value
R14=0x0000000000000000 is an unknown value
R15=0x0000000033985e48 is an unknown value


Stack: [0x00000000027c0000,0x00000000028c0000],  sp=0x00000000028bf210,  free space=1020k
Native frames: (J=compiled Java code, j=interpreted, Vv=VM code, C=native code)
C  [nvoglv64.dll+0xcb8e19]
C  [nvoglv64.dll+0x917806]
C  0x0000000002a15e34

Java frames: (J=compiled Java code, j=interpreted, Vv=VM code)
j  org.lwjgl.opengl.GL11C.nglDrawElements(IIIJ)V+0
j  org.lwjgl.opengl.GL11C.glDrawElements(IIIJ)V+4
j  org.lwjgl.opengl.GL11.glDrawElements(IIIJ)V+4
j  jade.LevelEditorScene.update(F)V+32
j  jade.Window.loop()V+55
j  jade.Window.run()V+37
j  Mainx.main.main([Ljava/lang/String;)V+5
v  ~StubRoutines::call_stub

---------------  P R O C E S S  ---------------

Java Threads: ( => current thread )
  0x000000003114e000 JavaThread "Service Thread" daemon [_thread_blocked, id=14088, stack(0x0000000031a40000,0x0000000031b40000)]
  0x00000000310c4800 JavaThread "C1 CompilerThread3" daemon [_thread_blocked, id=4664, stack(0x0000000031940000,0x0000000031a40000)]
  0x00000000310bc800 JavaThread "C2 CompilerThread2" daemon [_thread_blocked, id=1984, stack(0x0000000031840000,0x0000000031940000)]
  0x00000000310b9000 JavaThread "C2 CompilerThread1" daemon [_thread_blocked, id=10300, stack(0x0000000031740000,0x0000000031840000)]
  0x00000000310b5800 JavaThread "C2 CompilerThread0" daemon [_thread_blocked, id=19232, stack(0x0000000031640000,0x0000000031740000)]
  0x00000000310b4000 JavaThread "Attach Listener" daemon [_thread_blocked, id=23816, stack(0x0000000031540000,0x0000000031640000)]
  0x00000000310b3800 JavaThread "Signal Dispatcher" daemon [_thread_blocked, id=14464, stack(0x0000000031440000,0x0000000031540000)]
  0x00000000029fc000 JavaThread "Finalizer" daemon [_thread_blocked, id=22968, stack(0x0000000030e40000,0x0000000030f40000)]
  0x00000000029f3000 JavaThread "Reference Handler" daemon [_thread_blocked, id=15840, stack(0x0000000030d40000,0x0000000030e40000)]
=>0x00000000028fe000 JavaThread "main" [_thread_in_native, id=13336, stack(0x00000000027c0000,0x00000000028c0000)]

Other Threads:
  0x000000002ef58800 VMThread [stack: 0x0000000030c40000,0x0000000030d40000] [id=5556]
  0x00000000311c0000 WatcherThread [stack: 0x0000000031b40000,0x0000000031c40000] [id=20204]

VM state:not at safepoint (normal execution)

VM Mutex/Monitor currently owned by a thread: None

Heap:
 PSYoungGen      total 228864K, used 31494K [0x00000006c0c00000, 0x00000006d0b00000, 0x00000007c0000000)
  eden space 196608K, 16% used [0x00000006c0c00000,0x00000006c2ac1940,0x00000006ccc00000)
  from space 32256K, 0% used [0x00000006ceb80000,0x00000006ceb80000,0x00000006d0b00000)
  to   space 32256K, 0% used [0x00000006ccc00000,0x00000006ccc00000,0x00000006ceb80000)
 ParOldGen       total 523264K, used 0K [0x00000004c2400000, 0x00000004e2300000, 0x00000006c0c00000)
  object space 523264K, 0% used [0x00000004c2400000,0x00000004c2400000,0x00000004e2300000)
 Metaspace       used 9626K, capacity 9827K, committed 9856K, reserved 1058816K
  class space    used 785K, capacity 883K, committed 896K, reserved 1048576K

Card table byte_map: [0x0000000011dc0000,0x00000000135b0000] byte_map_base: 0x000000000f7ae000

Marking Bits: (ParMarkBitMap*) 0x000000005ebda5b0
 Begin Bits: [0x0000000014db0000, 0x0000000020d20000)
 End Bits:   [0x0000000020d20000, 0x000000002cc90000)

Polling page: 0x0000000000b00000

CodeCache: size=245760Kb used=2869Kb max_used=2875Kb free=242890Kb
 bounds [0x0000000002a00000, 0x0000000002ce0000, 0x0000000011a00000]
 total_blobs=1564 nmethods=656 adapters=821
 compilation: enabled

Compilation events (10 events):
Event: 0.600 Thread 0x00000000310c4800  649       3       sun.reflect.UnsafeFieldAccessorImpl::ensureObj (23 bytes)
Event: 0.600 Thread 0x00000000310c4800 nmethod 649 0x0000000002ccbb10 code [0x0000000002ccbce0, 0x0000000002ccc638]
Event: 0.600 Thread 0x00000000310c4800  651       3       org.lwjgl.PointerBuffer::put (24 bytes)
Event: 0.600 Thread 0x00000000310c4800 nmethod 651 0x0000000002ccc950 code [0x0000000002cccae0, 0x0000000002cccf68]
Event: 0.600 Thread 0x00000000310c4800  652       3       org.lwjgl.system.Checks::check (17 bytes)
Event: 0.600 Thread 0x00000000310c4800 nmethod 652 0x0000000002ccd210 code [0x0000000002ccd3a0, 0x0000000002ccd6e8]
Event: 0.600 Thread 0x00000000310c4800  653       3       org.lwjgl.system.CheckIntrinsics::checkIndex (19 bytes)
Event: 0.600 Thread 0x00000000310c4800 nmethod 653 0x0000000002ccd890 code [0x0000000002ccda00, 0x0000000002ccdc68]
Event: 0.605 Thread 0x00000000310b9000  656       4       jdk.internal.org.objectweb.asm.Item::set (143 bytes)
Event: 0.613 Thread 0x00000000310b9000 nmethod 656 0x0000000002ccf790 code [0x0000000002ccfa20, 0x0000000002cd0258]

GC Heap History (0 events):
No events

Deoptimization events (1 events):
Event: 0.080 Thread 0x00000000028fe000 Uncommon trap: reason=unstable_if action=reinterpret pc=0x0000000002b2d288 method=java.lang.String.hashCode()I @ 14

Internal exceptions (10 events):
Event: 0.123 Thread 0x00000000028fe000 Exception <a 'java/security/PrivilegedActionException'> (0x00000006c0f5b5d8) thrown at [C:\workspace\8-2-build-windows-amd64-cygwin\jdk8u65\4987\hotspot\src\share\vm\prims\jvm.cpp, line 1386]
Event: 0.123 Thread 0x00000000028fe000 Exception <a 'java/security/PrivilegedActionException'> (0x00000006c0f5b7e8) thrown at [C:\workspace\8-2-build-windows-amd64-cygwin\jdk8u65\4987\hotspot\src\share\vm\prims\jvm.cpp, line 1386]
Event: 0.167 Thread 0x00000000028fe000 Exception <a 'sun/nio/fs/WindowsException'> (0x00000006c18e2348) thrown at [C:\workspace\8-2-build-windows-amd64-cygwin\jdk8u65\4987\hotspot\src\share\vm\prims\jni.cpp, line 709]
Event: 0.168 Thread 0x00000000028fe000 Exception <a 'sun/nio/fs/WindowsException'> (0x00000006c18e2bf0) thrown at [C:\workspace\8-2-build-windows-amd64-cygwin\jdk8u65\4987\hotspot\src\share\vm\prims\jni.cpp, line 709]
Event: 0.194 Thread 0x00000000028fe000 Exception <a 'sun/nio/fs/WindowsException'> (0x00000006c1a3bb08) thrown at [C:\workspace\8-2-build-windows-amd64-cygwin\jdk8u65\4987\hotspot\src\share\vm\prims\jni.cpp, line 709]
Event: 0.194 Thread 0x00000000028fe000 Exception <a 'sun/nio/fs/WindowsException'> (0x00000006c1a3c1e8) thrown at [C:\workspace\8-2-build-windows-amd64-cygwin\jdk8u65\4987\hotspot\src\share\vm\prims\jni.cpp, line 709]
Event: 0.423 Thread 0x00000000028fe000 Exception <a 'sun/nio/fs/WindowsException'> (0x00000006c1b63d58) thrown at [C:\workspace\8-2-build-windows-amd64-cygwin\jdk8u65\4987\hotspot\src\share\vm\prims\jni.cpp, line 709]
Event: 0.423 Thread 0x00000000028fe000 Exception <a 'sun/nio/fs/WindowsException'> (0x00000006c1b64498) thrown at [C:\workspace\8-2-build-windows-amd64-cygwin\jdk8u65\4987\hotspot\src\share\vm\prims\jni.cpp, line 709]
Event: 0.425 Thread 0x00000000028fe000 Exception <a 'sun/nio/fs/WindowsException'> (0x00000006c1b77090) thrown at [C:\workspace\8-2-build-windows-amd64-cygwin\jdk8u65\4987\hotspot\src\share\vm\prims\jni.cpp, line 709]
Event: 0.425 Thread 0x00000000028fe000 Exception <a 'sun/nio/fs/WindowsException'> (0x00000006c1b77688) thrown at [C:\workspace\8-2-build-windows-amd64-cygwin\jdk8u65\4987\hotspot\src\share\vm\prims\jni.cpp, line 709]

Events (10 events):
Event: 0.604 loading class org/lwjgl/system/APIUtil$Encoder
Event: 0.604 loading class org/lwjgl/system/APIUtil$Encoder done
Event: 0.604 loading class org/lwjgl/system/APIUtil$Encoder
Event: 0.604 loading class org/lwjgl/system/APIUtil$Encoder done
Event: 0.605 loading class engineerx/Util/Time
Event: 0.605 loading class engineerx/Util/Time done
Event: 0.611 loading class org/lwjgl/opengl/GL30C
Event: 0.611 loading class org/lwjgl/opengl/GL30C done
Event: 0.612 loading class org/lwjgl/opengl/GL21C
Event: 0.612 loading class org/lwjgl/opengl/GL21C done


Dynamic libraries:
0x00007ff6dcc70000 - 0x00007ff6dcca7000 	C:\Program Files\Java\jdk1.8.0_65\bin\java.exe
0x00007ffd1ec50000 - 0x00007ffd1ee48000 	C:\WINDOWS\SYSTEM32\ntdll.dll
0x00007ffd1d520000 - 0x00007ffd1d5dd000 	C:\WINDOWS\System32\KERNEL32.DLL
0x00007ffd1c370000 - 0x00007ffd1c63e000 	C:\WINDOWS\System32\KERNELBASE.dll
0x00007ffd1dfc0000 - 0x00007ffd1e06e000 	C:\WINDOWS\System32\ADVAPI32.dll
0x00007ffd1d5e0000 - 0x00007ffd1d67e000 	C:\WINDOWS\System32\msvcrt.dll
0x00007ffd1d460000 - 0x00007ffd1d4fc000 	C:\WINDOWS\System32\sechost.dll
0x00007ffd1d690000 - 0x00007ffd1d7b5000 	C:\WINDOWS\System32\RPCRT4.dll
0x00007ffd1ea70000 - 0x00007ffd1ec10000 	C:\WINDOWS\System32\USER32.dll
0x00007ffd1c810000 - 0x00007ffd1c832000 	C:\WINDOWS\System32\win32u.dll
0x00007ffd1deb0000 - 0x00007ffd1deda000 	C:\WINDOWS\System32\GDI32.dll
0x00007ffd1c8d0000 - 0x00007ffd1c9db000 	C:\WINDOWS\System32\gdi32full.dll
0x00007ffd1c640000 - 0x00007ffd1c6dd000 	C:\WINDOWS\System32\msvcp_win.dll
0x00007ffd1c710000 - 0x00007ffd1c810000 	C:\WINDOWS\System32\ucrtbase.dll
0x00007ffd01650000 - 0x00007ffd018ea000 	C:\WINDOWS\WinSxS\amd64_microsoft.windows.common-controls_6595b64144ccf1df_6.0.19041.1110_none_60b5254171f9507e\COMCTL32.dll
0x00007ffd1db20000 - 0x00007ffd1db50000 	C:\WINDOWS\System32\IMM32.DLL
0x000000005e2f0000 - 0x000000005e3c2000 	C:\Program Files\Java\jdk1.8.0_65\jre\bin\msvcr100.dll
0x000000005e3d0000 - 0x000000005ec59000 	C:\Program Files\Java\jdk1.8.0_65\jre\bin\server\jvm.dll
0x00007ffd1df40000 - 0x00007ffd1df48000 	C:\WINDOWS\System32\PSAPI.DLL
0x00007ffd17ee0000 - 0x00007ffd17ee9000 	C:\WINDOWS\SYSTEM32\WSOCK32.dll
0x00007ffd0e630000 - 0x00007ffd0e657000 	C:\WINDOWS\SYSTEM32\WINMM.dll
0x00007ffd1df50000 - 0x00007ffd1dfbb000 	C:\WINDOWS\System32\WS2_32.dll
0x00007ffd15a90000 - 0x00007ffd15a9a000 	C:\WINDOWS\SYSTEM32\VERSION.dll
0x0000000060670000 - 0x000000006067f000 	C:\Program Files\Java\jdk1.8.0_65\jre\bin\verify.dll
0x000000005f1d0000 - 0x000000005f1f9000 	C:\Program Files\Java\jdk1.8.0_65\jre\bin\java.dll
0x000000005f1b0000 - 0x000000005f1c6000 	C:\Program Files\Java\jdk1.8.0_65\jre\bin\zip.dll
0x00007ffd1cd10000 - 0x00007ffd1d454000 	C:\WINDOWS\System32\SHELL32.dll
0x00007ffd1a360000 - 0x00007ffd1aaf4000 	C:\WINDOWS\SYSTEM32\windows.storage.dll
0x00007ffd1d7c0000 - 0x00007ffd1db14000 	C:\WINDOWS\System32\combase.dll
0x00007ffd1bdd0000 - 0x00007ffd1be00000 	C:\WINDOWS\SYSTEM32\Wldp.dll
0x00007ffd1e070000 - 0x00007ffd1e11d000 	C:\WINDOWS\System32\SHCORE.dll
0x00007ffd1ccb0000 - 0x00007ffd1cd05000 	C:\WINDOWS\System32\shlwapi.dll
0x00007ffd1c2b0000 - 0x00007ffd1c2cf000 	C:\WINDOWS\SYSTEM32\profapi.dll
0x000000005e2d0000 - 0x000000005e2ea000 	C:\Program Files\Java\jdk1.8.0_65\jre\bin\net.dll
0x00007ffd1bb30000 - 0x00007ffd1bb9a000 	C:\WINDOWS\system32\mswsock.dll
0x000000005e2b0000 - 0x000000005e2c1000 	C:\Program Files\Java\jdk1.8.0_65\jre\bin\nio.dll
0x00007ffcebb80000 - 0x00007ffcebbe4000 	C:\Users\ZIVBD\AppData\Local\Temp\lwjglZIVBD\3.2.3-build-13\lwjgl.dll
0x00007ffce04f0000 - 0x00007ffce0552000 	C:\Users\ZIVBD\AppData\Local\Temp\lwjglZIVBD\3.2.3-build-13\glfw.dll
0x00007ffd199f0000 - 0x00007ffd19a8e000 	C:\WINDOWS\system32\uxtheme.dll
0x00007ffced0b0000 - 0x00007ffced0f5000 	C:\WINDOWS\SYSTEM32\dinput8.dll
0x00007ffcf6a80000 - 0x00007ffcf6a91000 	C:\WINDOWS\SYSTEM32\xinput1_4.dll
0x00007ffd1c9e0000 - 0x00007ffd1ca2e000 	C:\WINDOWS\System32\cfgmgr32.dll
0x00007ffd1c120000 - 0x00007ffd1c14c000 	C:\WINDOWS\SYSTEM32\DEVOBJ.dll
0x00007ffd19dc0000 - 0x00007ffd19def000 	C:\WINDOWS\SYSTEM32\dwmapi.dll
0x00007ffd00e80000 - 0x00007ffd00fd2000 	C:\WINDOWS\SYSTEM32\inputhost.dll
0x00007ffd1e870000 - 0x00007ffd1e93d000 	C:\WINDOWS\System32\OLEAUT32.dll
0x00007ffd18bd0000 - 0x00007ffd18d24000 	C:\WINDOWS\SYSTEM32\wintypes.dll
0x00007ffd19650000 - 0x00007ffd19742000 	C:\WINDOWS\SYSTEM32\CoreMessaging.dll
0x00007ffd17b70000 - 0x00007ffd17c66000 	C:\WINDOWS\SYSTEM32\PROPSYS.dll
0x00007ffd1c840000 - 0x00007ffd1c8c2000 	C:\WINDOWS\System32\bcryptPrimitives.dll
0x00007ffd192f0000 - 0x00007ffd1964e000 	C:\WINDOWS\SYSTEM32\CoreUIComponents.dll
0x00007ffd1b070000 - 0x00007ffd1b0a3000 	C:\WINDOWS\SYSTEM32\ntmarta.dll
0x00007ffd1ac50000 - 0x00007ffd1ac62000 	C:\WINDOWS\SYSTEM32\kernel.appcore.dll
0x00007ffd1e120000 - 0x00007ffd1e235000 	C:\WINDOWS\System32\MSCTF.dll
0x00007ffd1ab00000 - 0x00007ffd1ab0d000 	C:\WINDOWS\SYSTEM32\HID.DLL
0x00007ffd1e240000 - 0x00007ffd1e6af000 	C:\WINDOWS\System32\SETUPAPI.DLL
0x00007ffd1c6e0000 - 0x00007ffd1c707000 	C:\WINDOWS\System32\bcrypt.dll
0x00007ffd1cc40000 - 0x00007ffd1cca7000 	C:\WINDOWS\System32\WINTRUST.dll
0x00007ffd1cae0000 - 0x00007ffd1cc36000 	C:\WINDOWS\System32\CRYPT32.dll
0x00007ffd1bf60000 - 0x00007ffd1bf72000 	C:\WINDOWS\SYSTEM32\MSASN1.dll
0x00007ffcdad90000 - 0x00007ffcdaeb7000 	C:\WINDOWS\SYSTEM32\opengl32.dll
0x00007ffcfd430000 - 0x00007ffcfd45c000 	C:\WINDOWS\SYSTEM32\GLU32.dll
0x00007ffd1db50000 - 0x00007ffd1dbf9000 	C:\WINDOWS\System32\clbcatq.dll
0x00007ffc7b960000 - 0x00007ffc7e988000 	C:\WINDOWS\System32\DriverStore\FileRepository\nvhdc.inf_amd64_f00dd7aaa84657e3\nvoglv64.dll
0x00007ffd1e940000 - 0x00007ffd1ea6a000 	C:\WINDOWS\System32\ole32.dll
0x00007ffd17cd0000 - 0x00007ffd17ce4000 	C:\WINDOWS\SYSTEM32\WTSAPI32.dll
0x00007ffd1bd40000 - 0x00007ffd1bd4c000 	C:\WINDOWS\SYSTEM32\CRYPTBASE.DLL
0x00007ffd11340000 - 0x00007ffd11371000 	C:\WINDOWS\SYSTEM32\cryptnet.dll
0x00007ffd11170000 - 0x00007ffd112b8000 	C:\WINDOWS\SYSTEM32\drvstore.dll
0x00007ffd132c0000 - 0x00007ffd132fb000 	C:\WINDOWS\SYSTEM32\dxcore.dll
0x00007ffcc9590000 - 0x00007ffcc9842000 	C:\WINDOWS\system32\nvspcap64.dll
0x00007ffd1b8f0000 - 0x00007ffd1b93b000 	C:\WINDOWS\SYSTEM32\powrprof.dll
0x00007ffd1b7b0000 - 0x00007ffd1b7c2000 	C:\WINDOWS\SYSTEM32\UMPDC.dll
0x00007ffd1b0e0000 - 0x00007ffd1b13a000 	C:\WINDOWS\SYSTEM32\WINSTA.dll
0x00007ffd01b90000 - 0x00007ffd01c89000 	C:\WINDOWS\SYSTEM32\textinputframework.dll
0x00007ffceb1f0000 - 0x00007ffceb249000 	C:\Users\ZIVBD\AppData\Local\Temp\lwjglZIVBD\3.2.3-build-13\lwjgl_opengl.dll
0x00007ffd1a170000 - 0x00007ffd1a354000 	C:\WINDOWS\SYSTEM32\dbghelp.dll

VM Arguments:
jvm_args: -Dfile.encoding=UTF-8 
java_command: Mainx.main
java_class_path (initial): C:\Program Files\NetBeans 8.0.2\java\modules\ext\AbsoluteLayout.jar;C:\Users\ZIVBD\eqee Dropbox\ziv bendavid\PC\Downloads\jbox2d-jbox2d-2.2.1.1\jbox2d-library;C:\Users\ZIVBD\eqee Dropbox\ziv bendavid\PC\Downloads\JBox2D-Support-master\JBox2D-Support-master\jbox2d-library-2.3.0-SNAPSHOT;C:\Users\ZIVBD\eqee Dropbox\ziv bendavid\PC\Downloads\joml-1.10.4.jar;C:\Users\ZIVBD\OneDrive\שולחן העבודה\jade;C:\Users\ZIVBD\OneDrive\שולחן העבודה\jade.jar;C:\Users\ZIVBD\eqee Dropbox\ziv bendavid\PC\Downloads\junit-4.13.2.jar;C:\Users\ZIVBD\eqee Dropbox\ziv bendavid\PC\Downloads\JavaHamcrest-2.2.zip;C:\Users\ZIVBD\eqee Dropbox\ziv bendavid\PC\Downloads\hamcrest-all-1.3.jar;C:\Users\ZIVBD\OneDrive\שולחן העבודה\joml-1.10.4-javadoc.jar;C:\Users\ZIVBD\OneDrive\שולחן העבודה\joml-1.10.4-sources.jar;C:\Users\ZIVBD\OneDrive\שולחן העבודה\joml-1.10.4.jar;C:\Users\ZIVBD\OneDrive\שולחן העבודה\lwjgl-assimp-javadoc.jar;C:\Users\ZIVBD\OneDrive\שולחן העבודה\lwjgl-assimp-natives-windows.jar;C:\Users\ZIVBD\OneDrive\שולחן העבודה\lwjgl-assimp-sources.jar;C:\Users\ZIVBD\OneDrive\שולחן העבודה\lwjgl-assimp.jar;C:\Users\ZIVBD\OneDrive\שולחן העבודה\lwjgl-glfw-javadoc.jar;C:\Users\ZIVBD\OneDrive\שולחן העבודה\lwjgl-glfw-natives-windows.jar;C:\Users\ZIVBD\OneDrive\שולחן העבודה\lwjgl-glfw-sources.jar;C:\Users\ZIVBD\OneDrive\שולחן העבודה\lwjgl-glfw.jar;C:\Users\ZIVBD\OneDrive\שולחן העבודה\lwjgl-javadoc.jar;C:\Users\ZIVBD\OneDrive\שולחן העבודה\lwjgl-natives-windows.jar;C:\Users\ZIVBD\OneDrive\שולחן העבודה\lwjgl-openal-javadoc.jar;C:\Users\ZIVBD\OneDrive\שולחן העבודה\lwjgl-openal-natives-windows.jar;C:\Users\ZIVBD\OneDrive\שולחן העבודה\lwjgl-openal-sources.jar;C:\Users\ZIVBD\OneDrive\שולחן העבודה\lwjgl-openal.jar;C:\Users\ZIVBD\OneDrive\שולחן העבודה\lwjgl-opengl-javadoc.jar;C:\Users\ZIVBD\OneDrive\שולחן העבודה\lwjgl-opengl-natives-windows.jar;C:\Users\ZIVBD\OneDrive\שולחן העבודה\lwjgl-opengl-sources.jar;C:\Users\ZIVBD\OneDrive\שולחן העבודה\lwjgl-opengl.jar;C:\Users\ZIVBD\OneDrive\שולח
Launcher Type: SUN_STANDARD

Environment Variables:
PATH=C:\Program Files\Oculus\Support\oculus-runtime;C:\Program Files (x86)\Common Files\Intel\Shared Libraries\redist\intel64\compiler;C:\Program Files (x86)\Common Files\Oracle\Java\javapath;C:\ProgramData\Oracle\Java\javapath;C:\windows\system32;C:\windows;C:\windows\System32\Wbem;C:\windows\System32\WindowsPowerShell\v1.0\;C:\windows\System32\OpenSSH\;C:\Program Files (x86)\NVIDIA Corporation\PhysX\Common;C:\Program Files\NVIDIA Corporation\NVIDIA NvDLISR;C:\WINDOWS\system32;C:\WINDOWS;C:\WINDOWS\System32\Wbem;C:\WINDOWS\System32\WindowsPowerShell\v1.0\;C:\WINDOWS\System32\OpenSSH\;C:\Program Files\dotnet\;C:\Users\ZIVBD\AppData\Local\Microsoft\WindowsApps;;C:\Users\ZIVBD\AppData\Local\Programs\Microsoft VS Code\bin
USERNAME=ZIVBD
OS=Windows_NT
PROCESSOR_IDENTIFIER=Intel64 Family 6 Model 158 Stepping 13, GenuineIntel



---------------  S Y S T E M  ---------------

OS: Windows 10.0 , 64 bit Build 19041 (10.0.19041.1806)

CPU:total 8 (8 cores per cpu, 1 threads per core) family 6 model 158 stepping 13, cmov, cx8, fxsr, mmx, sse, sse2, sse3, ssse3, sse4.1, sse4.2, popcnt, avx, avx2, aes, clmul, erms, 3dnowpref, lzcnt, tsc, tscinvbit, bmi1, bmi2, adx

Memory: 4k page, physical 50182968k(39122320k free), swap 57523000k(42814776k free)

vm_info: Java HotSpot(TM) 64-Bit Server VM (25.65-b01) for windows-amd64 JRE (1.8.0_65-b17), built on Oct  6 2015 16:39:20 by "java_re" with MS VC++ 10.0 (VS2010)

time: Wed Aug 10 05:35:51 2022
elapsed time: 0 seconds (0d 0h 0m 0s)

