#
# A fatal error has been detected by the Java Runtime Environment:
#
#  EXCEPTION_ACCESS_VIOLATION (0xc0000005) at pc=0x0000000064a2c487, pid=2484, tid=15580
#
# JRE version: Java(TM) SE Runtime Environment (8.0_65-b17) (build 1.8.0_65-b17)
# Java VM: Java HotSpot(TM) 64-Bit Server VM (25.65-b01 mixed mode windows-amd64 compressed oops)
# Problematic frame:
# C  [imgui-java64.dll+0x2c487]
#
# Failed to write core dump. Minidumps are not enabled by default on client versions of Windows
#
# If you would like to submit a bug report, please visit:
#   http://bugreport.java.com/bugreport/crash.jsp
# The crash happened outside the Java Virtual Machine in native code.
# See problematic frame for where to report the bug.
#

---------------  T H R E A D  ---------------

Current thread (0x0000000002f1e800):  JavaThread "main" [_thread_in_native, id=15580, stack(0x0000000002db0000,0x0000000002eb0000)]

siginfo: ExceptionCode=0xc0000005, reading address 0x0000000000001b78

Registers:
RAX=0x0000000032634e60, RBX=0x0000000032634e60, RCX=0x0000000032634e60, RDX=0x0000000000000000
RSP=0x0000000002eaf3f0, RBP=0x0000000002eaf710, RSI=0x0000000000000000, RDI=0x0000000003057ced
R8 =0x0000000000000000, R9 =0x000000000000000b, R10=0x0000000032634e6b, R11=0x00000006c2d7d0d6
R12=0x0000000002f1e9f8, R13=0x0000000000000000, R14=0x0000000002eaf730, R15=0x0000000002f1e800
RIP=0x0000000064a2c487, EFLAGS=0x0000000000010202

Top of Stack: (sp=0x0000000002eaf3f0)
0x0000000002eaf3f0:   000000003943dd60 0000000000000000
0x0000000002eaf400:   0000000000000000 0000000000000020
0x0000000002eaf410:   000000000000000c 0000000000000004
0x0000000002eaf420:   0000000002f10000 0000000002eaf4e9
0x0000000002eaf430:   0000000000000002 00007fff33d5b3c7
0x0000000002eaf440:   0000000002d70000 0000000000000001
0x0000000002eaf450:   000000000000000c 0000005000000000
0x0000000002eaf460:   0000000000000016 0000000000000000
0x0000000002eaf470:   0000000200000000 0000000002f521c0
0x0000000002eaf480:   0000000000000016 0000000000000100
0x0000000002eaf490:   0000000000000000 0000000000000000
0x0000000002eaf4a0:   0000000000000003 0000000002f521a0
0x0000000002eaf4b0:   0000000002f1e800 000000006ada91ef
0x0000000002eaf4c0:   0000000002f1ede8 0000000002eaf580
0x0000000002eaf4d0:   0000000002eaf670 0000000002f52090
0x0000000002eaf4e0:   0000000002f1e801 0000000002eaf670 

Instructions: (pc=0x0000000064a2c487)
0x0000000064a2c467:   02 00 00 45 89 c5 48 89 94 24 68 02 00 00 48 85
0x0000000064a2c477:   c9 0f 84 c2 07 00 00 80 39 00 0f 84 b9 07 00 00
0x0000000064a2c487:   80 be 78 1b 00 00 00 0f 84 d3 07 00 00 8b 86 68
0x0000000064a2c497:   1b 00 00 39 86 6c 1b 00 00 0f 84 ed 07 00 00 48 


Register to memory mapping:

RAX=0x0000000032634e60 is an unknown value
RBX=0x0000000032634e60 is an unknown value
RCX=0x0000000032634e60 is an unknown value
RDX=0x0000000000000000 is an unknown value
RSP=0x0000000002eaf3f0 is pointing into the stack for thread: 0x0000000002f1e800
RBP=0x0000000002eaf710 is pointing into the stack for thread: 0x0000000002f1e800
RSI=0x0000000000000000 is an unknown value
RDI=0x0000000003057ced is at code_begin+2093 in an Interpreter codelet
invoke return entry points  [0x00000000030574c0, 0x0000000003057dc0]  2304 bytes
R8 =0x0000000000000000 is an unknown value
R9 =0x000000000000000b is an unknown value
R10=0x0000000032634e6b is an unknown value
R11=0x00000006c2d7d0d6 is an unknown value
R12=0x0000000002f1e9f8 is an unknown value
R13=0x0000000000000000 is an unknown value
R14=0x0000000002eaf730 is pointing into the stack for thread: 0x0000000002f1e800
R15=0x0000000002f1e800 is a thread


Stack: [0x0000000002db0000,0x0000000002eb0000],  sp=0x0000000002eaf3f0,  free space=1020k
Native frames: (J=compiled Java code, j=interpreted, Vv=VM code, C=native code)
C  [imgui-java64.dll+0x2c487]
C  [imgui-java64.dll+0x4ab90]
C  0x0000000003065e34

Java frames: (J=compiled Java code, j=interpreted, Vv=VM code)
j  imgui.ImGui.begin(Ljava/lang/String;)Z+0
j  jade.ImGuiLayer.imgui()V+2
j  jade.Window.run2()V+4
j  Mainx.main.main([Ljava/lang/String;)V+9
v  ~StubRoutines::call_stub

---------------  P R O C E S S  ---------------

Java Threads: ( => current thread )
  0x0000000031785800 JavaThread "Service Thread" daemon [_thread_blocked, id=12624, stack(0x0000000032070000,0x0000000032170000)]
  0x00000000316f3000 JavaThread "C1 CompilerThread3" daemon [_thread_blocked, id=25736, stack(0x0000000031f70000,0x0000000032070000)]
  0x00000000316a7800 JavaThread "C2 CompilerThread2" daemon [_thread_blocked, id=2916, stack(0x0000000031e70000,0x0000000031f70000)]
  0x00000000316a3800 JavaThread "C2 CompilerThread1" daemon [_thread_blocked, id=24028, stack(0x0000000031d70000,0x0000000031e70000)]
  0x00000000316a0000 JavaThread "C2 CompilerThread0" daemon [_thread_blocked, id=23724, stack(0x0000000031c70000,0x0000000031d70000)]
  0x000000003169e800 JavaThread "Attach Listener" daemon [_thread_blocked, id=3048, stack(0x0000000031b70000,0x0000000031c70000)]
  0x00000000316ed800 JavaThread "Signal Dispatcher" daemon [_thread_blocked, id=17064, stack(0x0000000031a70000,0x0000000031b70000)]
  0x000000000304a800 JavaThread "Finalizer" daemon [_thread_blocked, id=22168, stack(0x0000000031470000,0x0000000031570000)]
  0x000000002f5ad000 JavaThread "Reference Handler" daemon [_thread_blocked, id=19980, stack(0x0000000031370000,0x0000000031470000)]
=>0x0000000002f1e800 JavaThread "main" [_thread_in_native, id=15580, stack(0x0000000002db0000,0x0000000002eb0000)]

Other Threads:
  0x000000002f5a7800 VMThread [stack: 0x0000000031270000,0x0000000031370000] [id=24864]
  0x00000000317ee800 WatcherThread [stack: 0x0000000032170000,0x0000000032270000] [id=496]

VM state:not at safepoint (normal execution)

VM Mutex/Monitor currently owned by a thread: None

Heap:
 PSYoungGen      total 228864K, used 35390K [0x00000006c0c00000, 0x00000006d0b00000, 0x00000007c0000000)
  eden space 196608K, 18% used [0x00000006c0c00000,0x00000006c2e8f858,0x00000006ccc00000)
  from space 32256K, 0% used [0x00000006ceb80000,0x00000006ceb80000,0x00000006d0b00000)
  to   space 32256K, 0% used [0x00000006ccc00000,0x00000006ccc00000,0x00000006ceb80000)
 ParOldGen       total 523264K, used 0K [0x00000004c2400000, 0x00000004e2300000, 0x00000006c0c00000)
  object space 523264K, 0% used [0x00000004c2400000,0x00000004c2400000,0x00000004e2300000)
 Metaspace       used 12313K, capacity 12557K, committed 12800K, reserved 1060864K
  class space    used 903K, capacity 982K, committed 1024K, reserved 1048576K

Card table byte_map: [0x0000000012410000,0x0000000013c00000] byte_map_base: 0x000000000fdfe000

Marking Bits: (ParMarkBitMap*) 0x000000006b3da5b0
 Begin Bits: [0x0000000015400000, 0x0000000021370000)
 End Bits:   [0x0000000021370000, 0x000000002d2e0000)

Polling page: 0x0000000001060000

CodeCache: size=245760Kb used=3570Kb max_used=3570Kb free=242189Kb
 bounds [0x0000000003050000, 0x00000000033d0000, 0x0000000012050000]
 total_blobs=2029 nmethods=856 adapters=1086
 compilation: enabled

Compilation events (10 events):
Event: 3.908 Thread 0x00000000316f3000 nmethod 850 0x00000000033ba490 code [0x00000000033ba7c0, 0x00000000033bbe58]
Event: 3.910 Thread 0x00000000316f3000  851       3       sun.net.www.protocol.file.Handler::hostsEqual (69 bytes)
Event: 3.910 Thread 0x00000000316f3000 nmethod 851 0x00000000033c0bd0 code [0x00000000033c0d80, 0x00000000033c14e8]
Event: 3.910 Thread 0x00000000316f3000  852       3       java.net.URLStreamHandler::hostsEqual (75 bytes)
Event: 3.910 Thread 0x00000000316f3000 nmethod 852 0x00000000033c2890 code [0x00000000033c2a40, 0x00000000033c33b8]
Event: 3.910 Thread 0x00000000316f3000  853       3       java.security.CodeSource::matchCerts (254 bytes)
Event: 3.911 Thread 0x00000000316f3000 nmethod 853 0x00000000033c3590 code [0x00000000033c37a0, 0x00000000033c4358]
Event: 3.911 Thread 0x00000000316f3000  856       3       java.net.URLStreamHandler::setURL (159 bytes)
Event: 3.911 Thread 0x00000000316f3000 nmethod 856 0x00000000033c4890 code [0x00000000033c4b00, 0x00000000033c5e88]
Event: 3.911 Thread 0x00000000316f3000  854       3       sun.net.www.protocol.jar.Handler::parseContextSpec (154 bytes)

GC Heap History (0 events):
No events

Deoptimization events (1 events):
Event: 0.091 Thread 0x0000000002f1e800 Uncommon trap: reason=unstable_if action=reinterpret pc=0x00000000031755c8 method=java.lang.String.hashCode()I @ 14

Internal exceptions (10 events):
Event: 0.200 Thread 0x0000000002f1e800 Exception <a 'sun/nio/fs/WindowsException'> (0x00000006c1a50470) thrown at [C:\workspace\8-2-build-windows-amd64-cygwin\jdk8u65\4987\hotspot\src\share\vm\prims\jni.cpp, line 709]
Event: 0.229 Thread 0x0000000002f1e800 Exception <a 'sun/nio/fs/WindowsException'> (0x00000006c1ba9fb0) thrown at [C:\workspace\8-2-build-windows-amd64-cygwin\jdk8u65\4987\hotspot\src\share\vm\prims\jni.cpp, line 709]
Event: 0.229 Thread 0x0000000002f1e800 Exception <a 'sun/nio/fs/WindowsException'> (0x00000006c1baa690) thrown at [C:\workspace\8-2-build-windows-amd64-cygwin\jdk8u65\4987\hotspot\src\share\vm\prims\jni.cpp, line 709]
Event: 0.482 Thread 0x0000000002f1e800 Exception <a 'sun/nio/fs/WindowsException'> (0x00000006c1cc1420) thrown at [C:\workspace\8-2-build-windows-amd64-cygwin\jdk8u65\4987\hotspot\src\share\vm\prims\jni.cpp, line 709]
Event: 0.482 Thread 0x0000000002f1e800 Exception <a 'sun/nio/fs/WindowsException'> (0x00000006c1cc1b60) thrown at [C:\workspace\8-2-build-windows-amd64-cygwin\jdk8u65\4987\hotspot\src\share\vm\prims\jni.cpp, line 709]
Event: 0.485 Thread 0x0000000002f1e800 Exception <a 'sun/nio/fs/WindowsException'> (0x00000006c1cd4ea8) thrown at [C:\workspace\8-2-build-windows-amd64-cygwin\jdk8u65\4987\hotspot\src\share\vm\prims\jni.cpp, line 709]
Event: 0.485 Thread 0x0000000002f1e800 Exception <a 'sun/nio/fs/WindowsException'> (0x00000006c1cd54a0) thrown at [C:\workspace\8-2-build-windows-amd64-cygwin\jdk8u65\4987\hotspot\src\share\vm\prims\jni.cpp, line 709]
Event: 0.725 Thread 0x0000000002f1e800 Exception <a 'sun/nio/fs/WindowsException'> (0x00000006c2937518) thrown at [C:\workspace\8-2-build-windows-amd64-cygwin\jdk8u65\4987\hotspot\src\share\vm\prims\jni.cpp, line 709]
Event: 0.725 Thread 0x0000000002f1e800 Exception <a 'sun/nio/fs/WindowsException'> (0x00000006c2937c20) thrown at [C:\workspace\8-2-build-windows-amd64-cygwin\jdk8u65\4987\hotspot\src\share\vm\prims\jni.cpp, line 709]
Event: 3.879 Thread 0x0000000002f1e800 Exception <a 'sun/nio/fs/WindowsException'> (0x00000006c2dccd78) thrown at [C:\workspace\8-2-build-windows-amd64-cygwin\jdk8u65\4987\hotspot\src\share\vm\prims\jni.cpp, line 709]

Events (10 events):
Event: 3.910 loading class imgui/ImFontAtlas
Event: 3.910 loading class imgui/ImFontAtlas done
Event: 3.910 loading class imgui/ImGuiPlatformIO
Event: 3.910 loading class imgui/ImGuiPlatformIO done
Event: 3.911 loading class imgui/ImGuiPlatformMonitor
Event: 3.911 loading class imgui/ImGuiPlatformMonitor done
Event: 3.911 loading class imgui/type/ImString$InputData
Event: 3.911 loading class imgui/type/ImString$InputData done
Event: 3.911 loading class imgui/type/ImString
Event: 3.911 loading class imgui/type/ImString done


Dynamic libraries:
0x00007ff776e70000 - 0x00007ff776ea7000 	C:\Program Files\Java\jdk1.8.0_65\bin\java.exe
0x00007fff33d30000 - 0x00007fff33f28000 	C:\WINDOWS\SYSTEM32\ntdll.dll
0x00007fff32480000 - 0x00007fff3253d000 	C:\WINDOWS\System32\KERNEL32.DLL
0x00007fff31ac0000 - 0x00007fff31d8e000 	C:\WINDOWS\System32\KERNELBASE.dll
0x00007fff33020000 - 0x00007fff330ce000 	C:\WINDOWS\System32\ADVAPI32.dll
0x00007fff31d90000 - 0x00007fff31e2e000 	C:\WINDOWS\System32\msvcrt.dll
0x00007fff32ee0000 - 0x00007fff32f7c000 	C:\WINDOWS\System32\sechost.dll
0x00007fff31f10000 - 0x00007fff32035000 	C:\WINDOWS\System32\RPCRT4.dll
0x00007fff322e0000 - 0x00007fff32480000 	C:\WINDOWS\System32\USER32.dll
0x00007fff31740000 - 0x00007fff31762000 	C:\WINDOWS\System32\win32u.dll
0x00007fff32a30000 - 0x00007fff32a5a000 	C:\WINDOWS\System32\GDI32.dll
0x00007fff31550000 - 0x00007fff3165b000 	C:\WINDOWS\System32\gdi32full.dll
0x00007fff319f0000 - 0x00007fff31a8d000 	C:\WINDOWS\System32\msvcp_win.dll
0x00007fff31450000 - 0x00007fff31550000 	C:\WINDOWS\System32\ucrtbase.dll
0x00007fff230d0000 - 0x00007fff2336a000 	C:\WINDOWS\WinSxS\amd64_microsoft.windows.common-controls_6595b64144ccf1df_6.0.19041.1110_none_60b5254171f9507e\COMCTL32.dll
0x00007fff31e30000 - 0x00007fff31e60000 	C:\WINDOWS\System32\IMM32.DLL
0x000000006aaf0000 - 0x000000006abc2000 	C:\Program Files\Java\jdk1.8.0_65\jre\bin\msvcr100.dll
0x000000006abd0000 - 0x000000006b459000 	C:\Program Files\Java\jdk1.8.0_65\jre\bin\server\jvm.dll
0x00007fff32570000 - 0x00007fff32578000 	C:\WINDOWS\System32\PSAPI.DLL
0x00007fff19110000 - 0x00007fff19119000 	C:\WINDOWS\SYSTEM32\WSOCK32.dll
0x00007fff25200000 - 0x00007fff25227000 	C:\WINDOWS\SYSTEM32\WINMM.dll
0x00007fff2aa30000 - 0x00007fff2aa3a000 	C:\WINDOWS\SYSTEM32\VERSION.dll
0x00007fff32940000 - 0x00007fff329ab000 	C:\WINDOWS\System32\WS2_32.dll
0x000000006d2c0000 - 0x000000006d2cf000 	C:\Program Files\Java\jdk1.8.0_65\jre\bin\verify.dll
0x000000006aa80000 - 0x000000006aaa9000 	C:\Program Files\Java\jdk1.8.0_65\jre\bin\java.dll
0x000000006cda0000 - 0x000000006cdb6000 	C:\Program Files\Java\jdk1.8.0_65\jre\bin\zip.dll
0x00007fff33130000 - 0x00007fff33874000 	C:\WINDOWS\System32\SHELL32.dll
0x00007fff2f530000 - 0x00007fff2fcc4000 	C:\WINDOWS\SYSTEM32\windows.storage.dll
0x00007fff32580000 - 0x00007fff328d4000 	C:\WINDOWS\System32\combase.dll
0x00007fff30eb0000 - 0x00007fff30ee0000 	C:\WINDOWS\SYSTEM32\Wldp.dll
0x00007fff32040000 - 0x00007fff320ed000 	C:\WINDOWS\System32\SHCORE.dll
0x00007fff32c70000 - 0x00007fff32cc5000 	C:\WINDOWS\System32\shlwapi.dll
0x00007fff31390000 - 0x00007fff313af000 	C:\WINDOWS\SYSTEM32\profapi.dll
0x000000006aa60000 - 0x000000006aa7a000 	C:\Program Files\Java\jdk1.8.0_65\jre\bin\net.dll
0x00007fff30c10000 - 0x00007fff30c7a000 	C:\WINDOWS\system32\mswsock.dll
0x000000006aa40000 - 0x000000006aa51000 	C:\Program Files\Java\jdk1.8.0_65\jre\bin\nio.dll
0x00007fff07670000 - 0x00007fff076d4000 	C:\Users\ZIVBD\AppData\Local\Temp\lwjglZIVBD\3.2.3-build-13\lwjgl.dll
0x00007fff07050000 - 0x00007fff070b2000 	C:\Users\ZIVBD\AppData\Local\Temp\lwjglZIVBD\3.2.3-build-13\glfw.dll
0x00007fff2ead0000 - 0x00007fff2eb6e000 	C:\WINDOWS\system32\uxtheme.dll
0x00007ffec8d00000 - 0x00007ffec8d45000 	C:\WINDOWS\SYSTEM32\dinput8.dll
0x00007ffef07d0000 - 0x00007ffef07e1000 	C:\WINDOWS\SYSTEM32\xinput1_4.dll
0x00007fff31660000 - 0x00007fff316ae000 	C:\WINDOWS\System32\cfgmgr32.dll
0x00007fff31200000 - 0x00007fff3122c000 	C:\WINDOWS\SYSTEM32\DEVOBJ.dll
0x00007fff2edd0000 - 0x00007fff2edff000 	C:\WINDOWS\SYSTEM32\dwmapi.dll
0x00007fff08590000 - 0x00007fff086e2000 	C:\WINDOWS\SYSTEM32\inputhost.dll
0x00007fff320f0000 - 0x00007fff321bd000 	C:\WINDOWS\System32\OLEAUT32.dll
0x00007fff2dbb0000 - 0x00007fff2dd04000 	C:\WINDOWS\SYSTEM32\wintypes.dll
0x00007fff2e700000 - 0x00007fff2e7f2000 	C:\WINDOWS\SYSTEM32\CoreMessaging.dll
0x00007fff2cc60000 - 0x00007fff2cd56000 	C:\WINDOWS\SYSTEM32\PROPSYS.dll
0x00007fff316b0000 - 0x00007fff31732000 	C:\WINDOWS\System32\bcryptPrimitives.dll
0x00007fff2e3a0000 - 0x00007fff2e6fe000 	C:\WINDOWS\SYSTEM32\CoreUIComponents.dll
0x00007fff30140000 - 0x00007fff30173000 	C:\WINDOWS\SYSTEM32\ntmarta.dll
0x00007fff2fd00000 - 0x00007fff2fd12000 	C:\WINDOWS\SYSTEM32\kernel.appcore.dll
0x00007fff321c0000 - 0x00007fff322d5000 	C:\WINDOWS\System32\MSCTF.dll
0x00007fff30180000 - 0x00007fff3018d000 	C:\WINDOWS\SYSTEM32\HID.DLL
0x00007fff33880000 - 0x00007fff33cef000 	C:\WINDOWS\System32\SETUPAPI.DLL
0x00007fff31a90000 - 0x00007fff31ab7000 	C:\WINDOWS\System32\bcrypt.dll
0x00007fff31770000 - 0x00007fff317d8000 	C:\WINDOWS\System32\WINTRUST.dll
0x00007fff31890000 - 0x00007fff319e6000 	C:\WINDOWS\System32\CRYPT32.dll
0x00007fff31040000 - 0x00007fff31052000 	C:\WINDOWS\SYSTEM32\MSASN1.dll
0x00007ffee6e30000 - 0x00007ffee6f57000 	C:\WINDOWS\SYSTEM32\opengl32.dll
0x00007fff0fd20000 - 0x00007fff0fd4c000 	C:\WINDOWS\SYSTEM32\GLU32.dll
0x00007fff31e60000 - 0x00007fff31f09000 	C:\WINDOWS\System32\clbcatq.dll
0x00007ffe88e00000 - 0x00007ffe8be28000 	C:\WINDOWS\System32\DriverStore\FileRepository\nvhdc.inf_amd64_f00dd7aaa84657e3\nvoglv64.dll
0x00007fff32db0000 - 0x00007fff32eda000 	C:\WINDOWS\System32\ole32.dll
0x00007fff2cdc0000 - 0x00007fff2cdd4000 	C:\WINDOWS\SYSTEM32\WTSAPI32.dll
0x00007fff30e20000 - 0x00007fff30e2c000 	C:\WINDOWS\SYSTEM32\CRYPTBASE.DLL
0x00007fff26370000 - 0x00007fff263a1000 	C:\WINDOWS\SYSTEM32\cryptnet.dll
0x00007fff26220000 - 0x00007fff26368000 	C:\WINDOWS\SYSTEM32\drvstore.dll
0x00007fff28310000 - 0x00007fff2834b000 	C:\WINDOWS\SYSTEM32\dxcore.dll
0x00007ffef1ba0000 - 0x00007ffef1e52000 	C:\WINDOWS\system32\nvspcap64.dll
0x00007fff309d0000 - 0x00007fff30a1b000 	C:\WINDOWS\SYSTEM32\powrprof.dll
0x00007fff30890000 - 0x00007fff308a2000 	C:\WINDOWS\SYSTEM32\UMPDC.dll
0x00007fff301c0000 - 0x00007fff3021a000 	C:\WINDOWS\SYSTEM32\WINSTA.dll
0x00007fff11c10000 - 0x00007fff11d09000 	C:\WINDOWS\SYSTEM32\textinputframework.dll
0x00007fff06ff0000 - 0x00007fff07049000 	C:\Users\ZIVBD\AppData\Local\Temp\lwjglZIVBD\3.2.3-build-13\lwjgl_opengl.dll
0x00007fff06d30000 - 0x00007fff06da7000 	C:\Users\ZIVBD\AppData\Local\Temp\lwjglZIVBD\3.2.3-build-13\lwjgl_stb.dll
0x0000000064a00000 - 0x0000000064d10000 	C:\Users\ZIVBD\AppData\Local\Temp\imgui-java-natives_1660426386243\imgui-java64.dll
0x00007fff30e00000 - 0x00007fff30e18000 	C:\WINDOWS\SYSTEM32\CRYPTSP.dll
0x00007fff30520000 - 0x00007fff30554000 	C:\WINDOWS\system32\rsaenh.dll
0x00007fff2f230000 - 0x00007fff2f414000 	C:\WINDOWS\SYSTEM32\dbghelp.dll

VM Arguments:
jvm_args: -Dfile.encoding=UTF-8 
java_command: Mainx.main
java_class_path (initial): C:\Program Files\NetBeans 8.0.2\java\modules\ext\AbsoluteLayout.jar;C:\Users\ZIVBD\eqee Dropbox\ziv bendavid\PC\Downloads\jbox2d-jbox2d-2.2.1.1\jbox2d-library;C:\Users\ZIVBD\eqee Dropbox\ziv bendavid\PC\Downloads\JBox2D-Support-master\JBox2D-Support-master\jbox2d-library-2.3.0-SNAPSHOT;C:\Users\ZIVBD\eqee Dropbox\ziv bendavid\PC\Downloads\joml-1.10.4.jar;C:\Users\ZIVBD\OneDrive\שולחן העבודה\jade;C:\Users\ZIVBD\OneDrive\שולחן העבודה\jade.jar;C:\Users\ZIVBD\eqee Dropbox\ziv bendavid\PC\Downloads\junit-4.13.2.jar;C:\Users\ZIVBD\eqee Dropbox\ziv bendavid\PC\Downloads\JavaHamcrest-2.2.zip;C:\Users\ZIVBD\eqee Dropbox\ziv bendavid\PC\Downloads\hamcrest-all-1.3.jar;C:\Users\ZIVBD\OneDrive\שולחן העבודה\joml-1.10.4-javadoc.jar;C:\Users\ZIVBD\OneDrive\שולחן העבודה\joml-1.10.4-sources.jar;C:\Users\ZIVBD\OneDrive\שולחן העבודה\joml-1.10.4.jar;C:\Users\ZIVBD\OneDrive\שולחן העבודה\lwjgl-assimp-javadoc.jar;C:\Users\ZIVBD\OneDrive\שולחן העבודה\lwjgl-assimp-natives-windows.jar;C:\Users\ZIVBD\OneDrive\שולחן העבודה\lwjgl-assimp-sources.jar;C:\Users\ZIVBD\OneDrive\שולחן העבודה\lwjgl-assimp.jar;C:\Users\ZIVBD\OneDrive\שולחן העבודה\lwjgl-glfw-javadoc.jar;C:\Users\ZIVBD\OneDrive\שולחן העבודה\lwjgl-glfw-natives-windows.jar;C:\Users\ZIVBD\OneDrive\שולחן העבודה\lwjgl-glfw-sources.jar;C:\Users\ZIVBD\OneDrive\שולחן העבודה\lwjgl-glfw.jar;C:\Users\ZIVBD\OneDrive\שולחן העבודה\lwjgl-javadoc.jar;C:\Users\ZIVBD\OneDrive\שולחן העבודה\lwjgl-natives-windows.jar;C:\Users\ZIVBD\OneDrive\שולחן העבודה\lwjgl-openal-javadoc.jar;C:\Users\ZIVBD\OneDrive\שולחן העבודה\lwjgl-openal-natives-windows.jar;C:\Users\ZIVBD\OneDrive\שולחן העבודה\lwjgl-openal-sources.jar;C:\Users\ZIVBD\OneDrive\שולחן העבודה\lwjgl-openal.jar;C:\Users\ZIVBD\OneDrive\שולחן העבודה\lwjgl-opengl-javadoc.jar;C:\Users\ZIVBD\OneDrive\שולחן העבודה\lwjgl-opengl-natives-windows.jar;C:\Users\ZIVBD\OneDrive\שולחן העבודה\lwjgl-opengl-sources.jar;C:\Users\ZIVBD\OneDrive\שולחן העבודה\lwjgl-opengl.jar;C:\Users\ZIVBD\OneDrive\שולח
Launcher Type: SUN_STANDARD

Environment Variables:
PATH=C:\Program Files\Oculus\Support\oculus-runtime;C:\Program Files (x86)\Common Files\Intel\Shared Libraries\redist\intel64\compiler;C:\Program Files (x86)\Common Files\Oracle\Java\javapath;C:\ProgramData\Oracle\Java\javapath;C:\windows\system32;C:\windows;C:\windows\System32\Wbem;C:\windows\System32\WindowsPowerShell\v1.0\;C:\windows\System32\OpenSSH\;C:\Program Files (x86)\NVIDIA Corporation\PhysX\Common;C:\Program Files\NVIDIA Corporation\NVIDIA NvDLISR;C:\WINDOWS\system32;C:\WINDOWS;C:\WINDOWS\System32\Wbem;C:\WINDOWS\System32\WindowsPowerShell\v1.0\;C:\WINDOWS\System32\OpenSSH\;C:\Program Files\dotnet\;C:\Users\ZIVBD\AppData\Local\Microsoft\WindowsApps;;C:\Users\ZIVBD\AppData\Local\Programs\Microsoft VS Code\bin
USERNAME=ZIVBD
OS=Windows_NT
PROCESSOR_IDENTIFIER=Intel64 Family 6 Model 158 Stepping 13, GenuineIntel



---------------  S Y S T E M  ---------------

OS: Windows 10.0 , 64 bit Build 19041 (10.0.19041.1889)

CPU:total 8 (8 cores per cpu, 1 threads per core) family 6 model 158 stepping 13, cmov, cx8, fxsr, mmx, sse, sse2, sse3, ssse3, sse4.1, sse4.2, popcnt, avx, avx2, aes, clmul, erms, 3dnowpref, lzcnt, tsc, tscinvbit, bmi1, bmi2, adx

Memory: 4k page, physical 50182968k(31664448k free), swap 57523000k(32293008k free)

vm_info: Java HotSpot(TM) 64-Bit Server VM (25.65-b01) for windows-amd64 JRE (1.8.0_65-b17), built on Oct  6 2015 16:39:20 by "java_re" with MS VC++ 10.0 (VS2010)

time: Sun Aug 14 00:33:06 2022
elapsed time: 3 seconds (0d 0h 0m 3s)

